E:\PC_PROJECT\X-TOUCH\X-TOUCH  FOR VC13-1-31\X-TOUCH  FOR 4-1 FOR COMPACT DEBUG\X-TOUCH  FOR VC13-2\X-TOUCH  FOR VC13\BUILDS\VISUALSTUDIO2010\RELEASE\BACKGROUNDTHREAD.OBJ
E:\PC_PROJECT\X-TOUCH\X-TOUCH  FOR VC13-1-31\X-TOUCH  FOR 4-1 FOR COMPACT DEBUG\X-TOUCH  FOR VC13-2\X-TOUCH  FOR VC13\BUILDS\VISUALSTUDIO2010\RELEASE\BUTTONSCOMPACT25TO33COMPONENT.OBJ
E:\PC_PROJECT\X-TOUCH\X-TOUCH  FOR VC13-1-31\X-TOUCH  FOR 4-1 FOR COMPACT DEBUG\X-TOUCH  FOR VC13-2\X-TOUCH  FOR VC13\BUILDS\VISUALSTUDIO2010\RELEASE\BUTTONSCOMPACT34TO39COMPONENT.OBJ
E:\PC_PROJECT\X-TOUCH\X-TOUCH  FOR VC13-1-31\X-TOUCH  FOR 4-1 FOR COMPACT DEBUG\X-TOUCH  FOR VC13-2\X-TOUCH  FOR VC13\BUILDS\VISUALSTUDIO2010\RELEASE\BUTTONSCOMPACTCOMPONENT.OBJ
E:\PC_PROJECT\X-TOUCH\X-TOUCH  FOR VC13-1-31\X-TOUCH  FOR 4-1 FOR COMPACT DEBUG\X-TOUCH  FOR VC13-2\X-TOUCH  FOR VC13\BUILDS\VISUALSTUDIO2010\RELEASE\BUTTONSMINI9TO16COMPONENT.OBJ
E:\PC_PROJECT\X-TOUCH\X-TOUCH  FOR VC13-1-31\X-TOUCH  FOR 4-1 FOR COMPACT DEBUG\X-TOUCH  FOR VC13-2\X-TOUCH  FOR VC13\BUILDS\VISUALSTUDIO2010\RELEASE\CC_BT_COMPONENT.OBJ
E:\PC_PROJECT\X-TOUCH\X-TOUCH  FOR VC13-1-31\X-TOUCH  FOR 4-1 FOR COMPACT DEBUG\X-TOUCH  FOR VC13-2\X-TOUCH  FOR VC13\BUILDS\VISUALSTUDIO2010\RELEASE\CUSTOMIMAGEBUTTON.OBJ
E:\PC_PROJECT\X-TOUCH\X-TOUCH  FOR VC13-1-31\X-TOUCH  FOR 4-1 FOR COMPACT DEBUG\X-TOUCH  FOR VC13-2\X-TOUCH  FOR VC13\BUILDS\VISUALSTUDIO2010\RELEASE\DECUMOMENUCOMPONENT.OBJ
E:\PC_PROJECT\X-TOUCH\X-TOUCH  FOR VC13-1-31\X-TOUCH  FOR 4-1 FOR COMPACT DEBUG\X-TOUCH  FOR VC13-2\X-TOUCH  FOR VC13\BUILDS\VISUALSTUDIO2010\RELEASE\ENCODERSCOMPACT9TO16COMPONENT.OBJ
E:\PC_PROJECT\X-TOUCH\X-TOUCH  FOR VC13-1-31\X-TOUCH  FOR 4-1 FOR COMPACT DEBUG\X-TOUCH  FOR VC13-2\X-TOUCH  FOR VC13\BUILDS\VISUALSTUDIO2010\RELEASE\FADERMINICOMPONENT.OBJ
E:\PC_PROJECT\X-TOUCH\X-TOUCH  FOR VC13-1-31\X-TOUCH  FOR 4-1 FOR COMPACT DEBUG\X-TOUCH  FOR VC13-2\X-TOUCH  FOR VC13\BUILDS\VISUALSTUDIO2010\RELEASE\FADERSANDFOOTCOMPACTCOMPONENT.OBJ
E:\PC_PROJECT\X-TOUCH\X-TOUCH  FOR VC13-1-31\X-TOUCH  FOR 4-1 FOR COMPACT DEBUG\X-TOUCH  FOR VC13-2\X-TOUCH  FOR VC13\BUILDS\VISUALSTUDIO2010\RELEASE\FIVEMENUCOMPONENT.OBJ
E:\PC_PROJECT\X-TOUCH\X-TOUCH  FOR VC13-1-31\X-TOUCH  FOR 4-1 FOR COMPACT DEBUG\X-TOUCH  FOR VC13-2\X-TOUCH  FOR VC13\BUILDS\VISUALSTUDIO2010\RELEASE\GLOBALMINICOMPONENT.OBJ
E:\PC_PROJECT\X-TOUCH\X-TOUCH  FOR VC13-1-31\X-TOUCH  FOR 4-1 FOR COMPACT DEBUG\X-TOUCH  FOR VC13-2\X-TOUCH  FOR VC13\BUILDS\VISUALSTUDIO2010\RELEASE\LOOKANDFEEL_V5.OBJ
E:\PC_PROJECT\X-TOUCH\X-TOUCH  FOR VC13-1-31\X-TOUCH  FOR 4-1 FOR COMPACT DEBUG\X-TOUCH  FOR VC13-2\X-TOUCH  FOR VC13\BUILDS\VISUALSTUDIO2010\RELEASE\MAIN.OBJ
E:\PC_PROJECT\X-TOUCH\X-TOUCH  FOR VC13-1-31\X-TOUCH  FOR 4-1 FOR COMPACT DEBUG\X-TOUCH  FOR VC13-2\X-TOUCH  FOR VC13\BUILDS\VISUALSTUDIO2010\RELEASE\JUCE_DATA_STRUCTURES.OBJ
E:\PC_PROJECT\X-TOUCH\X-TOUCH  FOR VC13-1-31\X-TOUCH  FOR 4-1 FOR COMPACT DEBUG\X-TOUCH  FOR VC13-2\X-TOUCH  FOR VC13\BUILDS\VISUALSTUDIO2010\RELEASE\JUCE_EVENTS.OBJ
E:\PC_PROJECT\X-TOUCH\X-TOUCH  FOR VC13-1-31\X-TOUCH  FOR 4-1 FOR COMPACT DEBUG\X-TOUCH  FOR VC13-2\X-TOUCH  FOR VC13\BUILDS\VISUALSTUDIO2010\RELEASE\JUCE_GUI_BASICS.OBJ
E:\PC_PROJECT\X-TOUCH\X-TOUCH  FOR VC13-1-31\X-TOUCH  FOR 4-1 FOR COMPACT DEBUG\X-TOUCH  FOR VC13-2\X-TOUCH  FOR VC13\BUILDS\VISUALSTUDIO2010\RELEASE\MIDIDEVICEPROCESS.OBJ
E:\PC_PROJECT\X-TOUCH\X-TOUCH  FOR VC13-1-31\X-TOUCH  FOR 4-1 FOR COMPACT DEBUG\X-TOUCH  FOR VC13-2\X-TOUCH  FOR VC13\BUILDS\VISUALSTUDIO2010\RELEASE\MMCFUNTIONSVIEWCOMPONENT.OBJ
E:\PC_PROJECT\X-TOUCH\X-TOUCH  FOR VC13-1-31\X-TOUCH  FOR 4-1 FOR COMPACT DEBUG\X-TOUCH  FOR VC13-2\X-TOUCH  FOR VC13\BUILDS\VISUALSTUDIO2010\RELEASE\MUSICNOTEVIEWCOMPONENT.OBJ
E:\PC_PROJECT\X-TOUCH\X-TOUCH  FOR VC13-1-31\X-TOUCH  FOR 4-1 FOR COMPACT DEBUG\X-TOUCH  FOR VC13-2\X-TOUCH  FOR VC13\BUILDS\VISUALSTUDIO2010\RELEASE\MYTEXTBUTTON.OBJ
E:\PC_PROJECT\X-TOUCH\X-TOUCH  FOR VC13-1-31\X-TOUCH  FOR 4-1 FOR COMPACT DEBUG\X-TOUCH  FOR VC13-2\X-TOUCH  FOR VC13\BUILDS\VISUALSTUDIO2010\RELEASE\SIXTHCHANNELCOMPONENT.OBJ
E:\PC_PROJECT\X-TOUCH\X-TOUCH  FOR VC13-1-31\X-TOUCH  FOR 4-1 FOR COMPACT DEBUG\X-TOUCH  FOR VC13-2\X-TOUCH  FOR VC13\BUILDS\VISUALSTUDIO2010\RELEASE\VIEWCHANNELCOMPONENT.OBJ
E:\PC_PROJECT\X-TOUCH\X-TOUCH  FOR VC13-1-31\X-TOUCH  FOR 4-1 FOR COMPACT DEBUG\X-TOUCH  FOR VC13-2\X-TOUCH  FOR VC13\BUILDS\VISUALSTUDIO2010\RELEASE\XTOUCHDEVMIDIDATA.OBJ
E:\PC_PROJECT\X-TOUCH\X-TOUCH  FOR VC13-1-31\X-TOUCH  FOR 4-1 FOR COMPACT DEBUG\X-TOUCH  FOR VC13-2\X-TOUCH  FOR VC13\BUILDS\VISUALSTUDIO2010\RELEASE\BUTTONSCOMPACT17TO24COMPONENT.OBJ
E:\PC_PROJECT\X-TOUCH\X-TOUCH  FOR VC13-1-31\X-TOUCH  FOR 4-1 FOR COMPACT DEBUG\X-TOUCH  FOR VC13-2\X-TOUCH  FOR VC13\BUILDS\VISUALSTUDIO2010\RELEASE\BUTTONSCOMPACT1TO8COMPONENT.OBJ
E:\PC_PROJECT\X-TOUCH\X-TOUCH  FOR VC13-1-31\X-TOUCH  FOR 4-1 FOR COMPACT DEBUG\X-TOUCH  FOR VC13-2\X-TOUCH  FOR VC13\BUILDS\VISUALSTUDIO2010\RELEASE\BUTTONSCOMPACT9TO16COMPONENT.OBJ
E:\PC_PROJECT\X-TOUCH\X-TOUCH  FOR VC13-1-31\X-TOUCH  FOR 4-1 FOR COMPACT DEBUG\X-TOUCH  FOR VC13-2\X-TOUCH  FOR VC13\BUILDS\VISUALSTUDIO2010\RELEASE\BUTTONSMINI1TO8COMPONENT.OBJ
E:\PC_PROJECT\X-TOUCH\X-TOUCH  FOR VC13-1-31\X-TOUCH  FOR 4-1 FOR COMPACT DEBUG\X-TOUCH  FOR VC13-2\X-TOUCH  FOR VC13\BUILDS\VISUALSTUDIO2010\RELEASE\BUTTONSMINICOMPONENT.OBJ
E:\PC_PROJECT\X-TOUCH\X-TOUCH  FOR VC13-1-31\X-TOUCH  FOR 4-1 FOR COMPACT DEBUG\X-TOUCH  FOR VC13-2\X-TOUCH  FOR VC13\BUILDS\VISUALSTUDIO2010\RELEASE\CC_VIEWPORT_COMPONENT.OBJ
E:\PC_PROJECT\X-TOUCH\X-TOUCH  FOR VC13-1-31\X-TOUCH  FOR 4-1 FOR COMPACT DEBUG\X-TOUCH  FOR VC13-2\X-TOUCH  FOR VC13\BUILDS\VISUALSTUDIO2010\RELEASE\CUSTOMTEXTBUTTON.OBJ
E:\PC_PROJECT\X-TOUCH\X-TOUCH  FOR VC13-1-31\X-TOUCH  FOR 4-1 FOR COMPACT DEBUG\X-TOUCH  FOR VC13-2\X-TOUCH  FOR VC13\BUILDS\VISUALSTUDIO2010\RELEASE\ENCODERSCOMPACT1TO8COMPONENT.OBJ
E:\PC_PROJECT\X-TOUCH\X-TOUCH  FOR VC13-1-31\X-TOUCH  FOR 4-1 FOR COMPACT DEBUG\X-TOUCH  FOR VC13-2\X-TOUCH  FOR VC13\BUILDS\VISUALSTUDIO2010\RELEASE\ENCODERSCOMPACTCOMPONENT.OBJ
E:\PC_PROJECT\X-TOUCH\X-TOUCH  FOR VC13-1-31\X-TOUCH  FOR 4-1 FOR COMPACT DEBUG\X-TOUCH  FOR VC13-2\X-TOUCH  FOR VC13\BUILDS\VISUALSTUDIO2010\RELEASE\ENCODERSMINICOMPONENT.OBJ
E:\PC_PROJECT\X-TOUCH\X-TOUCH  FOR VC13-1-31\X-TOUCH  FOR 4-1 FOR COMPACT DEBUG\X-TOUCH  FOR VC13-2\X-TOUCH  FOR VC13\BUILDS\VISUALSTUDIO2010\RELEASE\FADERTOUCHCOMPACTCOMPONENT.OBJ
E:\PC_PROJECT\X-TOUCH\X-TOUCH  FOR VC13-1-31\X-TOUCH  FOR 4-1 FOR COMPACT DEBUG\X-TOUCH  FOR VC13-2\X-TOUCH  FOR VC13\BUILDS\VISUALSTUDIO2010\RELEASE\GLOBALCOMPACTCOMPONENT.OBJ
E:\PC_PROJECT\X-TOUCH\X-TOUCH  FOR VC13-1-31\X-TOUCH  FOR 4-1 FOR COMPACT DEBUG\X-TOUCH  FOR VC13-2\X-TOUCH  FOR VC13\BUILDS\VISUALSTUDIO2010\RELEASE\LOOKANDFEEL_V4.OBJ
E:\PC_PROJECT\X-TOUCH\X-TOUCH  FOR VC13-1-31\X-TOUCH  FOR 4-1 FOR COMPACT DEBUG\X-TOUCH  FOR VC13-2\X-TOUCH  FOR VC13\BUILDS\VISUALSTUDIO2010\RELEASE\MAINCOMPONENT.OBJ
E:\PC_PROJECT\X-TOUCH\X-TOUCH  FOR VC13-1-31\X-TOUCH  FOR 4-1 FOR COMPACT DEBUG\X-TOUCH  FOR VC13-2\X-TOUCH  FOR VC13\BUILDS\VISUALSTUDIO2010\RELEASE\JUCE_CORE.OBJ
E:\PC_PROJECT\X-TOUCH\X-TOUCH  FOR VC13-1-31\X-TOUCH  FOR 4-1 FOR COMPACT DEBUG\X-TOUCH  FOR VC13-2\X-TOUCH  FOR VC13\BUILDS\VISUALSTUDIO2010\RELEASE\JUCE_GRAPHICS.OBJ
E:\PC_PROJECT\X-TOUCH\X-TOUCH  FOR VC13-1-31\X-TOUCH  FOR 4-1 FOR COMPACT DEBUG\X-TOUCH  FOR VC13-2\X-TOUCH  FOR VC13\BUILDS\VISUALSTUDIO2010\RELEASE\MAINCOMPONENTMESSAGE.OBJ
E:\PC_PROJECT\X-TOUCH\X-TOUCH  FOR VC13-1-31\X-TOUCH  FOR 4-1 FOR COMPACT DEBUG\X-TOUCH  FOR VC13-2\X-TOUCH  FOR VC13\BUILDS\VISUALSTUDIO2010\RELEASE\MAINCOMPONENTMESSAGELISTENER.OBJ
E:\PC_PROJECT\X-TOUCH\X-TOUCH  FOR VC13-1-31\X-TOUCH  FOR 4-1 FOR COMPACT DEBUG\X-TOUCH  FOR VC13-2\X-TOUCH  FOR VC13\BUILDS\VISUALSTUDIO2010\RELEASE\MMCFUNTIONSBTCOMPONENT.OBJ
E:\PC_PROJECT\X-TOUCH\X-TOUCH  FOR VC13-1-31\X-TOUCH  FOR 4-1 FOR COMPACT DEBUG\X-TOUCH  FOR VC13-2\X-TOUCH  FOR VC13\BUILDS\VISUALSTUDIO2010\RELEASE\MUSICNOTEBTCOMPONENT.OBJ
E:\PC_PROJECT\X-TOUCH\X-TOUCH  FOR VC13-1-31\X-TOUCH  FOR 4-1 FOR COMPACT DEBUG\X-TOUCH  FOR VC13-2\X-TOUCH  FOR VC13\BUILDS\VISUALSTUDIO2010\RELEASE\MUTILDEVWINCOMPONENT.OBJ
E:\PC_PROJECT\X-TOUCH\X-TOUCH  FOR VC13-1-31\X-TOUCH  FOR 4-1 FOR COMPACT DEBUG\X-TOUCH  FOR VC13-2\X-TOUCH  FOR VC13\BUILDS\VISUALSTUDIO2010\RELEASE\PANFANCOMPONENT.OBJ
E:\PC_PROJECT\X-TOUCH\X-TOUCH  FOR VC13-1-31\X-TOUCH  FOR 4-1 FOR COMPACT DEBUG\X-TOUCH  FOR VC13-2\X-TOUCH  FOR VC13\BUILDS\VISUALSTUDIO2010\RELEASE\TWOCHOOSE_COMPONENT.OBJ
E:\PC_PROJECT\X-TOUCH\X-TOUCH  FOR VC13-1-31\X-TOUCH  FOR 4-1 FOR COMPACT DEBUG\X-TOUCH  FOR VC13-2\X-TOUCH  FOR VC13\BUILDS\VISUALSTUDIO2010\RELEASE\VIEWPORTCOMPONENT.OBJ
E:\PC_PROJECT\X-TOUCH\X-TOUCH  FOR VC13-1-31\X-TOUCH  FOR 4-1 FOR COMPACT DEBUG\X-TOUCH  FOR VC13-2\X-TOUCH  FOR VC13\BUILDS\VISUALSTUDIO2010\RELEASE\VC110.PDB
E:\PC_PROJECT\X-TOUCH\X-TOUCH  FOR VC13-1-31\X-TOUCH  FOR 4-1 FOR COMPACT DEBUG\X-TOUCH  FOR VC13-2\X-TOUCH  FOR VC13\BUILDS\VISUALSTUDIO2010\RELEASE\RESOURCES.RES
E:\PC_project\X-TOUCH\X-TOUCH  FOR VC13-1-31\X-TOUCH  FOR 4-1 for compact debug\X-TOUCH  FOR VC13-2\X-TOUCH  FOR VC13\Builds\VisualStudio2010\Release\BackgroundThread.obj
E:\PC_project\X-TOUCH\X-TOUCH  FOR VC13-1-31\X-TOUCH  FOR 4-1 for compact debug\X-TOUCH  FOR VC13-2\X-TOUCH  FOR VC13\Builds\VisualStudio2010\Release\ButtonsCompact17To24Component.obj
E:\PC_project\X-TOUCH\X-TOUCH  FOR VC13-1-31\X-TOUCH  FOR 4-1 for compact debug\X-TOUCH  FOR VC13-2\X-TOUCH  FOR VC13\Builds\VisualStudio2010\Release\ButtonsCompact1To8Component.obj
E:\PC_project\X-TOUCH\X-TOUCH  FOR VC13-1-31\X-TOUCH  FOR 4-1 for compact debug\X-TOUCH  FOR VC13-2\X-TOUCH  FOR VC13\Builds\VisualStudio2010\Release\ButtonsCompact25To33Component.obj
E:\PC_project\X-TOUCH\X-TOUCH  FOR VC13-1-31\X-TOUCH  FOR 4-1 for compact debug\X-TOUCH  FOR VC13-2\X-TOUCH  FOR VC13\Builds\VisualStudio2010\Release\ButtonsCompact34To39Component.obj
E:\PC_project\X-TOUCH\X-TOUCH  FOR VC13-1-31\X-TOUCH  FOR 4-1 for compact debug\X-TOUCH  FOR VC13-2\X-TOUCH  FOR VC13\Builds\VisualStudio2010\Release\ButtonsCompact9To16Component.obj
E:\PC_project\X-TOUCH\X-TOUCH  FOR VC13-1-31\X-TOUCH  FOR 4-1 for compact debug\X-TOUCH  FOR VC13-2\X-TOUCH  FOR VC13\Builds\VisualStudio2010\Release\ButtonsCompactComponent.obj
E:\PC_project\X-TOUCH\X-TOUCH  FOR VC13-1-31\X-TOUCH  FOR 4-1 for compact debug\X-TOUCH  FOR VC13-2\X-TOUCH  FOR VC13\Builds\VisualStudio2010\Release\ButtonsMini1To8Component.obj
E:\PC_project\X-TOUCH\X-TOUCH  FOR VC13-1-31\X-TOUCH  FOR 4-1 for compact debug\X-TOUCH  FOR VC13-2\X-TOUCH  FOR VC13\Builds\VisualStudio2010\Release\ButtonsMini9To16Component.obj
E:\PC_project\X-TOUCH\X-TOUCH  FOR VC13-1-31\X-TOUCH  FOR 4-1 for compact debug\X-TOUCH  FOR VC13-2\X-TOUCH  FOR VC13\Builds\VisualStudio2010\Release\ButtonsMiniComponent.obj
E:\PC_project\X-TOUCH\X-TOUCH  FOR VC13-1-31\X-TOUCH  FOR 4-1 for compact debug\X-TOUCH  FOR VC13-2\X-TOUCH  FOR VC13\Builds\VisualStudio2010\Release\CC_BT_Component.obj
E:\PC_project\X-TOUCH\X-TOUCH  FOR VC13-1-31\X-TOUCH  FOR 4-1 for compact debug\X-TOUCH  FOR VC13-2\X-TOUCH  FOR VC13\Builds\VisualStudio2010\Release\CC_Viewport_Component.obj
E:\PC_project\X-TOUCH\X-TOUCH  FOR VC13-1-31\X-TOUCH  FOR 4-1 for compact debug\X-TOUCH  FOR VC13-2\X-TOUCH  FOR VC13\Builds\VisualStudio2010\Release\CustomImageButton.obj
E:\PC_project\X-TOUCH\X-TOUCH  FOR VC13-1-31\X-TOUCH  FOR 4-1 for compact debug\X-TOUCH  FOR VC13-2\X-TOUCH  FOR VC13\Builds\VisualStudio2010\Release\CustomTextButton.obj
E:\PC_project\X-TOUCH\X-TOUCH  FOR VC13-1-31\X-TOUCH  FOR 4-1 for compact debug\X-TOUCH  FOR VC13-2\X-TOUCH  FOR VC13\Builds\VisualStudio2010\Release\DecumoMenuComponent.obj
E:\PC_project\X-TOUCH\X-TOUCH  FOR VC13-1-31\X-TOUCH  FOR 4-1 for compact debug\X-TOUCH  FOR VC13-2\X-TOUCH  FOR VC13\Builds\VisualStudio2010\Release\EncodersCompact1To8Component.obj
E:\PC_project\X-TOUCH\X-TOUCH  FOR VC13-1-31\X-TOUCH  FOR 4-1 for compact debug\X-TOUCH  FOR VC13-2\X-TOUCH  FOR VC13\Builds\VisualStudio2010\Release\EncodersCompact9To16Component.obj
E:\PC_project\X-TOUCH\X-TOUCH  FOR VC13-1-31\X-TOUCH  FOR 4-1 for compact debug\X-TOUCH  FOR VC13-2\X-TOUCH  FOR VC13\Builds\VisualStudio2010\Release\EncodersCompactComponent.obj
E:\PC_project\X-TOUCH\X-TOUCH  FOR VC13-1-31\X-TOUCH  FOR 4-1 for compact debug\X-TOUCH  FOR VC13-2\X-TOUCH  FOR VC13\Builds\VisualStudio2010\Release\EncodersMiniComponent.obj
E:\PC_project\X-TOUCH\X-TOUCH  FOR VC13-1-31\X-TOUCH  FOR 4-1 for compact debug\X-TOUCH  FOR VC13-2\X-TOUCH  FOR VC13\Builds\VisualStudio2010\Release\FaderMiniComponent.obj
E:\PC_project\X-TOUCH\X-TOUCH  FOR VC13-1-31\X-TOUCH  FOR 4-1 for compact debug\X-TOUCH  FOR VC13-2\X-TOUCH  FOR VC13\Builds\VisualStudio2010\Release\FadersAndFootCompactComponent.obj
E:\PC_project\X-TOUCH\X-TOUCH  FOR VC13-1-31\X-TOUCH  FOR 4-1 for compact debug\X-TOUCH  FOR VC13-2\X-TOUCH  FOR VC13\Builds\VisualStudio2010\Release\FaderTouchCompactComponent.obj
E:\PC_project\X-TOUCH\X-TOUCH  FOR VC13-1-31\X-TOUCH  FOR 4-1 for compact debug\X-TOUCH  FOR VC13-2\X-TOUCH  FOR VC13\Builds\VisualStudio2010\Release\FiveMenuComponent.obj
E:\PC_project\X-TOUCH\X-TOUCH  FOR VC13-1-31\X-TOUCH  FOR 4-1 for compact debug\X-TOUCH  FOR VC13-2\X-TOUCH  FOR VC13\Builds\VisualStudio2010\Release\GlobalCompactComponent.obj
E:\PC_project\X-TOUCH\X-TOUCH  FOR VC13-1-31\X-TOUCH  FOR 4-1 for compact debug\X-TOUCH  FOR VC13-2\X-TOUCH  FOR VC13\Builds\VisualStudio2010\Release\GlobalMiniComponent.obj
E:\PC_project\X-TOUCH\X-TOUCH  FOR VC13-1-31\X-TOUCH  FOR 4-1 for compact debug\X-TOUCH  FOR VC13-2\X-TOUCH  FOR VC13\Builds\VisualStudio2010\Release\juce_core.obj
E:\PC_project\X-TOUCH\X-TOUCH  FOR VC13-1-31\X-TOUCH  FOR 4-1 for compact debug\X-TOUCH  FOR VC13-2\X-TOUCH  FOR VC13\Builds\VisualStudio2010\Release\juce_data_structures.obj
E:\PC_project\X-TOUCH\X-TOUCH  FOR VC13-1-31\X-TOUCH  FOR 4-1 for compact debug\X-TOUCH  FOR VC13-2\X-TOUCH  FOR VC13\Builds\VisualStudio2010\Release\juce_events.obj
E:\PC_project\X-TOUCH\X-TOUCH  FOR VC13-1-31\X-TOUCH  FOR 4-1 for compact debug\X-TOUCH  FOR VC13-2\X-TOUCH  FOR VC13\Builds\VisualStudio2010\Release\juce_graphics.obj
E:\PC_project\X-TOUCH\X-TOUCH  FOR VC13-1-31\X-TOUCH  FOR 4-1 for compact debug\X-TOUCH  FOR VC13-2\X-TOUCH  FOR VC13\Builds\VisualStudio2010\Release\juce_gui_basics.obj
E:\PC_project\X-TOUCH\X-TOUCH  FOR VC13-1-31\X-TOUCH  FOR 4-1 for compact debug\X-TOUCH  FOR VC13-2\X-TOUCH  FOR VC13\Builds\VisualStudio2010\Release\LookAndFeel_V4.obj
E:\PC_project\X-TOUCH\X-TOUCH  FOR VC13-1-31\X-TOUCH  FOR 4-1 for compact debug\X-TOUCH  FOR VC13-2\X-TOUCH  FOR VC13\Builds\VisualStudio2010\Release\LookAndFeel_V5.obj
E:\PC_project\X-TOUCH\X-TOUCH  FOR VC13-1-31\X-TOUCH  FOR 4-1 for compact debug\X-TOUCH  FOR VC13-2\X-TOUCH  FOR VC13\Builds\VisualStudio2010\Release\Main.obj
E:\PC_project\X-TOUCH\X-TOUCH  FOR VC13-1-31\X-TOUCH  FOR 4-1 for compact debug\X-TOUCH  FOR VC13-2\X-TOUCH  FOR VC13\Builds\VisualStudio2010\Release\MainComponent.obj
E:\PC_project\X-TOUCH\X-TOUCH  FOR VC13-1-31\X-TOUCH  FOR 4-1 for compact debug\X-TOUCH  FOR VC13-2\X-TOUCH  FOR VC13\Builds\VisualStudio2010\Release\MainComponentMessage.obj
E:\PC_project\X-TOUCH\X-TOUCH  FOR VC13-1-31\X-TOUCH  FOR 4-1 for compact debug\X-TOUCH  FOR VC13-2\X-TOUCH  FOR VC13\Builds\VisualStudio2010\Release\MainComponentMessageListener.obj
E:\PC_project\X-TOUCH\X-TOUCH  FOR VC13-1-31\X-TOUCH  FOR 4-1 for compact debug\X-TOUCH  FOR VC13-2\X-TOUCH  FOR VC13\Builds\VisualStudio2010\Release\MidiDeviceProcess.obj
E:\PC_project\X-TOUCH\X-TOUCH  FOR VC13-1-31\X-TOUCH  FOR 4-1 for compact debug\X-TOUCH  FOR VC13-2\X-TOUCH  FOR VC13\Builds\VisualStudio2010\Release\MMCFuntionsBTComponent.obj
E:\PC_project\X-TOUCH\X-TOUCH  FOR VC13-1-31\X-TOUCH  FOR 4-1 for compact debug\X-TOUCH  FOR VC13-2\X-TOUCH  FOR VC13\Builds\VisualStudio2010\Release\MMCFuntionsViewComponent.obj
E:\PC_project\X-TOUCH\X-TOUCH  FOR VC13-1-31\X-TOUCH  FOR 4-1 for compact debug\X-TOUCH  FOR VC13-2\X-TOUCH  FOR VC13\Builds\VisualStudio2010\Release\MusicNoteBTComponent.obj
E:\PC_project\X-TOUCH\X-TOUCH  FOR VC13-1-31\X-TOUCH  FOR 4-1 for compact debug\X-TOUCH  FOR VC13-2\X-TOUCH  FOR VC13\Builds\VisualStudio2010\Release\MusicNoteViewComponent.obj
E:\PC_project\X-TOUCH\X-TOUCH  FOR VC13-1-31\X-TOUCH  FOR 4-1 for compact debug\X-TOUCH  FOR VC13-2\X-TOUCH  FOR VC13\Builds\VisualStudio2010\Release\MutilDevWinComponent.obj
E:\PC_project\X-TOUCH\X-TOUCH  FOR VC13-1-31\X-TOUCH  FOR 4-1 for compact debug\X-TOUCH  FOR VC13-2\X-TOUCH  FOR VC13\Builds\VisualStudio2010\Release\MyTextButton.obj
E:\PC_project\X-TOUCH\X-TOUCH  FOR VC13-1-31\X-TOUCH  FOR 4-1 for compact debug\X-TOUCH  FOR VC13-2\X-TOUCH  FOR VC13\Builds\VisualStudio2010\Release\PanFanComponent.obj
E:\PC_project\X-TOUCH\X-TOUCH  FOR VC13-1-31\X-TOUCH  FOR 4-1 for compact debug\X-TOUCH  FOR VC13-2\X-TOUCH  FOR VC13\Builds\VisualStudio2010\Release\SixthChannelComponent.obj
E:\PC_project\X-TOUCH\X-TOUCH  FOR VC13-1-31\X-TOUCH  FOR 4-1 for compact debug\X-TOUCH  FOR VC13-2\X-TOUCH  FOR VC13\Builds\VisualStudio2010\Release\Twochoose_Component.obj
E:\PC_project\X-TOUCH\X-TOUCH  FOR VC13-1-31\X-TOUCH  FOR 4-1 for compact debug\X-TOUCH  FOR VC13-2\X-TOUCH  FOR VC13\Builds\VisualStudio2010\Release\ViewChannelComponent.obj
E:\PC_project\X-TOUCH\X-TOUCH  FOR VC13-1-31\X-TOUCH  FOR 4-1 for compact debug\X-TOUCH  FOR VC13-2\X-TOUCH  FOR VC13\Builds\VisualStudio2010\Release\ViewPortComponent.obj
E:\PC_project\X-TOUCH\X-TOUCH  FOR VC13-1-31\X-TOUCH  FOR 4-1 for compact debug\X-TOUCH  FOR VC13-2\X-TOUCH  FOR VC13\Builds\VisualStudio2010\Release\XtouchDevMidiData.obj
E:\PC_project\X-TOUCH\X-TOUCH  FOR VC13-1-31\X-TOUCH  FOR 4-1 for compact debug\X-TOUCH  FOR VC13-2\X-TOUCH  FOR VC13\Builds\VisualStudio2010\Release\CL.110648.read.1.tlog
E:\PC_project\X-TOUCH\X-TOUCH  FOR VC13-1-31\X-TOUCH  FOR 4-1 for compact debug\X-TOUCH  FOR VC13-2\X-TOUCH  FOR VC13\Builds\VisualStudio2010\Release\CL.110648.write.1.tlog
E:\PC_project\X-TOUCH\X-TOUCH  FOR VC13-1-31\X-TOUCH  FOR 4-1 for compact debug\X-TOUCH  FOR VC13-2\X-TOUCH  FOR VC13\Builds\VisualStudio2010\Release\CL.111660.read.1.tlog
E:\PC_project\X-TOUCH\X-TOUCH  FOR VC13-1-31\X-TOUCH  FOR 4-1 for compact debug\X-TOUCH  FOR VC13-2\X-TOUCH  FOR VC13\Builds\VisualStudio2010\Release\CL.111660.write.1.tlog
E:\PC_project\X-TOUCH\X-TOUCH  FOR VC13-1-31\X-TOUCH  FOR 4-1 for compact debug\X-TOUCH  FOR VC13-2\X-TOUCH  FOR VC13\Builds\VisualStudio2010\Release\CL.112924.read.1.tlog
E:\PC_project\X-TOUCH\X-TOUCH  FOR VC13-1-31\X-TOUCH  FOR 4-1 for compact debug\X-TOUCH  FOR VC13-2\X-TOUCH  FOR VC13\Builds\VisualStudio2010\Release\CL.112924.write.1.tlog
E:\PC_project\X-TOUCH\X-TOUCH  FOR VC13-1-31\X-TOUCH  FOR 4-1 for compact debug\X-TOUCH  FOR VC13-2\X-TOUCH  FOR VC13\Builds\VisualStudio2010\Release\CL.115704.read.1.tlog
E:\PC_project\X-TOUCH\X-TOUCH  FOR VC13-1-31\X-TOUCH  FOR 4-1 for compact debug\X-TOUCH  FOR VC13-2\X-TOUCH  FOR VC13\Builds\VisualStudio2010\Release\CL.115704.write.1.tlog
E:\PC_project\X-TOUCH\X-TOUCH  FOR VC13-1-31\X-TOUCH  FOR 4-1 for compact debug\X-TOUCH  FOR VC13-2\X-TOUCH  FOR VC13\Builds\VisualStudio2010\Release\CL.11680.read.1.tlog
E:\PC_project\X-TOUCH\X-TOUCH  FOR VC13-1-31\X-TOUCH  FOR 4-1 for compact debug\X-TOUCH  FOR VC13-2\X-TOUCH  FOR VC13\Builds\VisualStudio2010\Release\CL.11680.write.1.tlog
E:\PC_project\X-TOUCH\X-TOUCH  FOR VC13-1-31\X-TOUCH  FOR 4-1 for compact debug\X-TOUCH  FOR VC13-2\X-TOUCH  FOR VC13\Builds\VisualStudio2010\Release\CL.12196.read.1.tlog
E:\PC_project\X-TOUCH\X-TOUCH  FOR VC13-1-31\X-TOUCH  FOR 4-1 for compact debug\X-TOUCH  FOR VC13-2\X-TOUCH  FOR VC13\Builds\VisualStudio2010\Release\CL.12196.write.1.tlog
E:\PC_project\X-TOUCH\X-TOUCH  FOR VC13-1-31\X-TOUCH  FOR 4-1 for compact debug\X-TOUCH  FOR VC13-2\X-TOUCH  FOR VC13\Builds\VisualStudio2010\Release\CL.12716.read.1.tlog
E:\PC_project\X-TOUCH\X-TOUCH  FOR VC13-1-31\X-TOUCH  FOR 4-1 for compact debug\X-TOUCH  FOR VC13-2\X-TOUCH  FOR VC13\Builds\VisualStudio2010\Release\CL.12716.write.1.tlog
E:\PC_project\X-TOUCH\X-TOUCH  FOR VC13-1-31\X-TOUCH  FOR 4-1 for compact debug\X-TOUCH  FOR VC13-2\X-TOUCH  FOR VC13\Builds\VisualStudio2010\Release\CL.1272.read.1.tlog
E:\PC_project\X-TOUCH\X-TOUCH  FOR VC13-1-31\X-TOUCH  FOR 4-1 for compact debug\X-TOUCH  FOR VC13-2\X-TOUCH  FOR VC13\Builds\VisualStudio2010\Release\CL.1272.write.1.tlog
E:\PC_project\X-TOUCH\X-TOUCH  FOR VC13-1-31\X-TOUCH  FOR 4-1 for compact debug\X-TOUCH  FOR VC13-2\X-TOUCH  FOR VC13\Builds\VisualStudio2010\Release\CL.13540.read.1.tlog
E:\PC_project\X-TOUCH\X-TOUCH  FOR VC13-1-31\X-TOUCH  FOR 4-1 for compact debug\X-TOUCH  FOR VC13-2\X-TOUCH  FOR VC13\Builds\VisualStudio2010\Release\CL.13540.write.1.tlog
E:\PC_project\X-TOUCH\X-TOUCH  FOR VC13-1-31\X-TOUCH  FOR 4-1 for compact debug\X-TOUCH  FOR VC13-2\X-TOUCH  FOR VC13\Builds\VisualStudio2010\Release\CL.13580.read.1.tlog
E:\PC_project\X-TOUCH\X-TOUCH  FOR VC13-1-31\X-TOUCH  FOR 4-1 for compact debug\X-TOUCH  FOR VC13-2\X-TOUCH  FOR VC13\Builds\VisualStudio2010\Release\CL.13580.write.1.tlog
E:\PC_project\X-TOUCH\X-TOUCH  FOR VC13-1-31\X-TOUCH  FOR 4-1 for compact debug\X-TOUCH  FOR VC13-2\X-TOUCH  FOR VC13\Builds\VisualStudio2010\Release\CL.148408.read.1.tlog
E:\PC_project\X-TOUCH\X-TOUCH  FOR VC13-1-31\X-TOUCH  FOR 4-1 for compact debug\X-TOUCH  FOR VC13-2\X-TOUCH  FOR VC13\Builds\VisualStudio2010\Release\CL.148408.write.1.tlog
E:\PC_project\X-TOUCH\X-TOUCH  FOR VC13-1-31\X-TOUCH  FOR 4-1 for compact debug\X-TOUCH  FOR VC13-2\X-TOUCH  FOR VC13\Builds\VisualStudio2010\Release\CL.148752.read.1.tlog
E:\PC_project\X-TOUCH\X-TOUCH  FOR VC13-1-31\X-TOUCH  FOR 4-1 for compact debug\X-TOUCH  FOR VC13-2\X-TOUCH  FOR VC13\Builds\VisualStudio2010\Release\CL.148752.write.1.tlog
E:\PC_project\X-TOUCH\X-TOUCH  FOR VC13-1-31\X-TOUCH  FOR 4-1 for compact debug\X-TOUCH  FOR VC13-2\X-TOUCH  FOR VC13\Builds\VisualStudio2010\Release\CL.14988.read.1.tlog
E:\PC_project\X-TOUCH\X-TOUCH  FOR VC13-1-31\X-TOUCH  FOR 4-1 for compact debug\X-TOUCH  FOR VC13-2\X-TOUCH  FOR VC13\Builds\VisualStudio2010\Release\CL.14988.write.1.tlog
E:\PC_project\X-TOUCH\X-TOUCH  FOR VC13-1-31\X-TOUCH  FOR 4-1 for compact debug\X-TOUCH  FOR VC13-2\X-TOUCH  FOR VC13\Builds\VisualStudio2010\Release\CL.15820.read.1.tlog
E:\PC_project\X-TOUCH\X-TOUCH  FOR VC13-1-31\X-TOUCH  FOR 4-1 for compact debug\X-TOUCH  FOR VC13-2\X-TOUCH  FOR VC13\Builds\VisualStudio2010\Release\CL.15820.write.1.tlog
E:\PC_project\X-TOUCH\X-TOUCH  FOR VC13-1-31\X-TOUCH  FOR 4-1 for compact debug\X-TOUCH  FOR VC13-2\X-TOUCH  FOR VC13\Builds\VisualStudio2010\Release\CL.16036.read.1.tlog
E:\PC_project\X-TOUCH\X-TOUCH  FOR VC13-1-31\X-TOUCH  FOR 4-1 for compact debug\X-TOUCH  FOR VC13-2\X-TOUCH  FOR VC13\Builds\VisualStudio2010\Release\CL.16036.write.1.tlog
E:\PC_project\X-TOUCH\X-TOUCH  FOR VC13-1-31\X-TOUCH  FOR 4-1 for compact debug\X-TOUCH  FOR VC13-2\X-TOUCH  FOR VC13\Builds\VisualStudio2010\Release\CL.16096.read.1.tlog
E:\PC_project\X-TOUCH\X-TOUCH  FOR VC13-1-31\X-TOUCH  FOR 4-1 for compact debug\X-TOUCH  FOR VC13-2\X-TOUCH  FOR VC13\Builds\VisualStudio2010\Release\CL.16096.write.1.tlog
E:\PC_project\X-TOUCH\X-TOUCH  FOR VC13-1-31\X-TOUCH  FOR 4-1 for compact debug\X-TOUCH  FOR VC13-2\X-TOUCH  FOR VC13\Builds\VisualStudio2010\Release\CL.16356.read.1.tlog
E:\PC_project\X-TOUCH\X-TOUCH  FOR VC13-1-31\X-TOUCH  FOR 4-1 for compact debug\X-TOUCH  FOR VC13-2\X-TOUCH  FOR VC13\Builds\VisualStudio2010\Release\CL.16356.write.1.tlog
E:\PC_project\X-TOUCH\X-TOUCH  FOR VC13-1-31\X-TOUCH  FOR 4-1 for compact debug\X-TOUCH  FOR VC13-2\X-TOUCH  FOR VC13\Builds\VisualStudio2010\Release\CL.16948.read.1.tlog
E:\PC_project\X-TOUCH\X-TOUCH  FOR VC13-1-31\X-TOUCH  FOR 4-1 for compact debug\X-TOUCH  FOR VC13-2\X-TOUCH  FOR VC13\Builds\VisualStudio2010\Release\CL.16948.write.1.tlog
E:\PC_project\X-TOUCH\X-TOUCH  FOR VC13-1-31\X-TOUCH  FOR 4-1 for compact debug\X-TOUCH  FOR VC13-2\X-TOUCH  FOR VC13\Builds\VisualStudio2010\Release\CL.1708.read.1.tlog
E:\PC_project\X-TOUCH\X-TOUCH  FOR VC13-1-31\X-TOUCH  FOR 4-1 for compact debug\X-TOUCH  FOR VC13-2\X-TOUCH  FOR VC13\Builds\VisualStudio2010\Release\CL.1708.write.1.tlog
E:\PC_project\X-TOUCH\X-TOUCH  FOR VC13-1-31\X-TOUCH  FOR 4-1 for compact debug\X-TOUCH  FOR VC13-2\X-TOUCH  FOR VC13\Builds\VisualStudio2010\Release\CL.17664.read.1.tlog
E:\PC_project\X-TOUCH\X-TOUCH  FOR VC13-1-31\X-TOUCH  FOR 4-1 for compact debug\X-TOUCH  FOR VC13-2\X-TOUCH  FOR VC13\Builds\VisualStudio2010\Release\CL.17664.write.1.tlog
E:\PC_project\X-TOUCH\X-TOUCH  FOR VC13-1-31\X-TOUCH  FOR 4-1 for compact debug\X-TOUCH  FOR VC13-2\X-TOUCH  FOR VC13\Builds\VisualStudio2010\Release\CL.18036.read.1.tlog
E:\PC_project\X-TOUCH\X-TOUCH  FOR VC13-1-31\X-TOUCH  FOR 4-1 for compact debug\X-TOUCH  FOR VC13-2\X-TOUCH  FOR VC13\Builds\VisualStudio2010\Release\CL.18036.write.1.tlog
E:\PC_project\X-TOUCH\X-TOUCH  FOR VC13-1-31\X-TOUCH  FOR 4-1 for compact debug\X-TOUCH  FOR VC13-2\X-TOUCH  FOR VC13\Builds\VisualStudio2010\Release\CL.18184.read.1.tlog
E:\PC_project\X-TOUCH\X-TOUCH  FOR VC13-1-31\X-TOUCH  FOR 4-1 for compact debug\X-TOUCH  FOR VC13-2\X-TOUCH  FOR VC13\Builds\VisualStudio2010\Release\CL.18184.write.1.tlog
E:\PC_project\X-TOUCH\X-TOUCH  FOR VC13-1-31\X-TOUCH  FOR 4-1 for compact debug\X-TOUCH  FOR VC13-2\X-TOUCH  FOR VC13\Builds\VisualStudio2010\Release\CL.2056.read.1.tlog
E:\PC_project\X-TOUCH\X-TOUCH  FOR VC13-1-31\X-TOUCH  FOR 4-1 for compact debug\X-TOUCH  FOR VC13-2\X-TOUCH  FOR VC13\Builds\VisualStudio2010\Release\CL.2056.write.1.tlog
E:\PC_project\X-TOUCH\X-TOUCH  FOR VC13-1-31\X-TOUCH  FOR 4-1 for compact debug\X-TOUCH  FOR VC13-2\X-TOUCH  FOR VC13\Builds\VisualStudio2010\Release\CL.22648.read.1.tlog
E:\PC_project\X-TOUCH\X-TOUCH  FOR VC13-1-31\X-TOUCH  FOR 4-1 for compact debug\X-TOUCH  FOR VC13-2\X-TOUCH  FOR VC13\Builds\VisualStudio2010\Release\CL.22648.write.1.tlog
E:\PC_project\X-TOUCH\X-TOUCH  FOR VC13-1-31\X-TOUCH  FOR 4-1 for compact debug\X-TOUCH  FOR VC13-2\X-TOUCH  FOR VC13\Builds\VisualStudio2010\Release\CL.24032.read.1.tlog
E:\PC_project\X-TOUCH\X-TOUCH  FOR VC13-1-31\X-TOUCH  FOR 4-1 for compact debug\X-TOUCH  FOR VC13-2\X-TOUCH  FOR VC13\Builds\VisualStudio2010\Release\CL.24032.write.1.tlog
E:\PC_project\X-TOUCH\X-TOUCH  FOR VC13-1-31\X-TOUCH  FOR 4-1 for compact debug\X-TOUCH  FOR VC13-2\X-TOUCH  FOR VC13\Builds\VisualStudio2010\Release\CL.26044.read.1.tlog
E:\PC_project\X-TOUCH\X-TOUCH  FOR VC13-1-31\X-TOUCH  FOR 4-1 for compact debug\X-TOUCH  FOR VC13-2\X-TOUCH  FOR VC13\Builds\VisualStudio2010\Release\CL.26044.write.1.tlog
E:\PC_project\X-TOUCH\X-TOUCH  FOR VC13-1-31\X-TOUCH  FOR 4-1 for compact debug\X-TOUCH  FOR VC13-2\X-TOUCH  FOR VC13\Builds\VisualStudio2010\Release\CL.264524.read.1.tlog
E:\PC_project\X-TOUCH\X-TOUCH  FOR VC13-1-31\X-TOUCH  FOR 4-1 for compact debug\X-TOUCH  FOR VC13-2\X-TOUCH  FOR VC13\Builds\VisualStudio2010\Release\CL.264524.write.1.tlog
E:\PC_project\X-TOUCH\X-TOUCH  FOR VC13-1-31\X-TOUCH  FOR 4-1 for compact debug\X-TOUCH  FOR VC13-2\X-TOUCH  FOR VC13\Builds\VisualStudio2010\Release\CL.264532.read.1.tlog
E:\PC_project\X-TOUCH\X-TOUCH  FOR VC13-1-31\X-TOUCH  FOR 4-1 for compact debug\X-TOUCH  FOR VC13-2\X-TOUCH  FOR VC13\Builds\VisualStudio2010\Release\CL.264532.write.1.tlog
E:\PC_project\X-TOUCH\X-TOUCH  FOR VC13-1-31\X-TOUCH  FOR 4-1 for compact debug\X-TOUCH  FOR VC13-2\X-TOUCH  FOR VC13\Builds\VisualStudio2010\Release\CL.27844.read.1.tlog
E:\PC_project\X-TOUCH\X-TOUCH  FOR VC13-1-31\X-TOUCH  FOR 4-1 for compact debug\X-TOUCH  FOR VC13-2\X-TOUCH  FOR VC13\Builds\VisualStudio2010\Release\CL.27844.write.1.tlog
E:\PC_project\X-TOUCH\X-TOUCH  FOR VC13-1-31\X-TOUCH  FOR 4-1 for compact debug\X-TOUCH  FOR VC13-2\X-TOUCH  FOR VC13\Builds\VisualStudio2010\Release\CL.3144.read.1.tlog
E:\PC_project\X-TOUCH\X-TOUCH  FOR VC13-1-31\X-TOUCH  FOR 4-1 for compact debug\X-TOUCH  FOR VC13-2\X-TOUCH  FOR VC13\Builds\VisualStudio2010\Release\CL.3144.write.1.tlog
E:\PC_project\X-TOUCH\X-TOUCH  FOR VC13-1-31\X-TOUCH  FOR 4-1 for compact debug\X-TOUCH  FOR VC13-2\X-TOUCH  FOR VC13\Builds\VisualStudio2010\Release\CL.33916.read.1.tlog
E:\PC_project\X-TOUCH\X-TOUCH  FOR VC13-1-31\X-TOUCH  FOR 4-1 for compact debug\X-TOUCH  FOR VC13-2\X-TOUCH  FOR VC13\Builds\VisualStudio2010\Release\CL.33916.write.1.tlog
E:\PC_project\X-TOUCH\X-TOUCH  FOR VC13-1-31\X-TOUCH  FOR 4-1 for compact debug\X-TOUCH  FOR VC13-2\X-TOUCH  FOR VC13\Builds\VisualStudio2010\Release\CL.4140.read.1.tlog
E:\PC_project\X-TOUCH\X-TOUCH  FOR VC13-1-31\X-TOUCH  FOR 4-1 for compact debug\X-TOUCH  FOR VC13-2\X-TOUCH  FOR VC13\Builds\VisualStudio2010\Release\CL.4140.write.1.tlog
E:\PC_project\X-TOUCH\X-TOUCH  FOR VC13-1-31\X-TOUCH  FOR 4-1 for compact debug\X-TOUCH  FOR VC13-2\X-TOUCH  FOR VC13\Builds\VisualStudio2010\Release\CL.44752.read.1.tlog
E:\PC_project\X-TOUCH\X-TOUCH  FOR VC13-1-31\X-TOUCH  FOR 4-1 for compact debug\X-TOUCH  FOR VC13-2\X-TOUCH  FOR VC13\Builds\VisualStudio2010\Release\CL.44752.write.1.tlog
E:\PC_project\X-TOUCH\X-TOUCH  FOR VC13-1-31\X-TOUCH  FOR 4-1 for compact debug\X-TOUCH  FOR VC13-2\X-TOUCH  FOR VC13\Builds\VisualStudio2010\Release\CL.4528.read.1.tlog
E:\PC_project\X-TOUCH\X-TOUCH  FOR VC13-1-31\X-TOUCH  FOR 4-1 for compact debug\X-TOUCH  FOR VC13-2\X-TOUCH  FOR VC13\Builds\VisualStudio2010\Release\CL.4528.write.1.tlog
E:\PC_project\X-TOUCH\X-TOUCH  FOR VC13-1-31\X-TOUCH  FOR 4-1 for compact debug\X-TOUCH  FOR VC13-2\X-TOUCH  FOR VC13\Builds\VisualStudio2010\Release\CL.4948.read.1.tlog
E:\PC_project\X-TOUCH\X-TOUCH  FOR VC13-1-31\X-TOUCH  FOR 4-1 for compact debug\X-TOUCH  FOR VC13-2\X-TOUCH  FOR VC13\Builds\VisualStudio2010\Release\CL.4948.write.1.tlog
E:\PC_project\X-TOUCH\X-TOUCH  FOR VC13-1-31\X-TOUCH  FOR 4-1 for compact debug\X-TOUCH  FOR VC13-2\X-TOUCH  FOR VC13\Builds\VisualStudio2010\Release\CL.5172.read.1.tlog
E:\PC_project\X-TOUCH\X-TOUCH  FOR VC13-1-31\X-TOUCH  FOR 4-1 for compact debug\X-TOUCH  FOR VC13-2\X-TOUCH  FOR VC13\Builds\VisualStudio2010\Release\CL.5172.write.1.tlog
E:\PC_project\X-TOUCH\X-TOUCH  FOR VC13-1-31\X-TOUCH  FOR 4-1 for compact debug\X-TOUCH  FOR VC13-2\X-TOUCH  FOR VC13\Builds\VisualStudio2010\Release\CL.6036.read.1.tlog
E:\PC_project\X-TOUCH\X-TOUCH  FOR VC13-1-31\X-TOUCH  FOR 4-1 for compact debug\X-TOUCH  FOR VC13-2\X-TOUCH  FOR VC13\Builds\VisualStudio2010\Release\CL.6036.write.1.tlog
E:\PC_project\X-TOUCH\X-TOUCH  FOR VC13-1-31\X-TOUCH  FOR 4-1 for compact debug\X-TOUCH  FOR VC13-2\X-TOUCH  FOR VC13\Builds\VisualStudio2010\Release\CL.60456.read.1.tlog
E:\PC_project\X-TOUCH\X-TOUCH  FOR VC13-1-31\X-TOUCH  FOR 4-1 for compact debug\X-TOUCH  FOR VC13-2\X-TOUCH  FOR VC13\Builds\VisualStudio2010\Release\CL.60456.write.1.tlog
E:\PC_project\X-TOUCH\X-TOUCH  FOR VC13-1-31\X-TOUCH  FOR 4-1 for compact debug\X-TOUCH  FOR VC13-2\X-TOUCH  FOR VC13\Builds\VisualStudio2010\Release\CL.6080.read.1.tlog
E:\PC_project\X-TOUCH\X-TOUCH  FOR VC13-1-31\X-TOUCH  FOR 4-1 for compact debug\X-TOUCH  FOR VC13-2\X-TOUCH  FOR VC13\Builds\VisualStudio2010\Release\CL.6080.write.1.tlog
E:\PC_project\X-TOUCH\X-TOUCH  FOR VC13-1-31\X-TOUCH  FOR 4-1 for compact debug\X-TOUCH  FOR VC13-2\X-TOUCH  FOR VC13\Builds\VisualStudio2010\Release\CL.6212.read.1.tlog
E:\PC_project\X-TOUCH\X-TOUCH  FOR VC13-1-31\X-TOUCH  FOR 4-1 for compact debug\X-TOUCH  FOR VC13-2\X-TOUCH  FOR VC13\Builds\VisualStudio2010\Release\CL.6212.write.1.tlog
E:\PC_project\X-TOUCH\X-TOUCH  FOR VC13-1-31\X-TOUCH  FOR 4-1 for compact debug\X-TOUCH  FOR VC13-2\X-TOUCH  FOR VC13\Builds\VisualStudio2010\Release\CL.62232.read.1.tlog
E:\PC_project\X-TOUCH\X-TOUCH  FOR VC13-1-31\X-TOUCH  FOR 4-1 for compact debug\X-TOUCH  FOR VC13-2\X-TOUCH  FOR VC13\Builds\VisualStudio2010\Release\CL.62232.write.1.tlog
E:\PC_project\X-TOUCH\X-TOUCH  FOR VC13-1-31\X-TOUCH  FOR 4-1 for compact debug\X-TOUCH  FOR VC13-2\X-TOUCH  FOR VC13\Builds\VisualStudio2010\Release\CL.64256.read.1.tlog
E:\PC_project\X-TOUCH\X-TOUCH  FOR VC13-1-31\X-TOUCH  FOR 4-1 for compact debug\X-TOUCH  FOR VC13-2\X-TOUCH  FOR VC13\Builds\VisualStudio2010\Release\CL.64256.write.1.tlog
E:\PC_project\X-TOUCH\X-TOUCH  FOR VC13-1-31\X-TOUCH  FOR 4-1 for compact debug\X-TOUCH  FOR VC13-2\X-TOUCH  FOR VC13\Builds\VisualStudio2010\Release\CL.64448.read.1.tlog
E:\PC_project\X-TOUCH\X-TOUCH  FOR VC13-1-31\X-TOUCH  FOR 4-1 for compact debug\X-TOUCH  FOR VC13-2\X-TOUCH  FOR VC13\Builds\VisualStudio2010\Release\CL.64448.write.1.tlog
E:\PC_project\X-TOUCH\X-TOUCH  FOR VC13-1-31\X-TOUCH  FOR 4-1 for compact debug\X-TOUCH  FOR VC13-2\X-TOUCH  FOR VC13\Builds\VisualStudio2010\Release\CL.6460.read.1.tlog
E:\PC_project\X-TOUCH\X-TOUCH  FOR VC13-1-31\X-TOUCH  FOR 4-1 for compact debug\X-TOUCH  FOR VC13-2\X-TOUCH  FOR VC13\Builds\VisualStudio2010\Release\CL.6460.write.1.tlog
E:\PC_project\X-TOUCH\X-TOUCH  FOR VC13-1-31\X-TOUCH  FOR 4-1 for compact debug\X-TOUCH  FOR VC13-2\X-TOUCH  FOR VC13\Builds\VisualStudio2010\Release\CL.652.read.1.tlog
E:\PC_project\X-TOUCH\X-TOUCH  FOR VC13-1-31\X-TOUCH  FOR 4-1 for compact debug\X-TOUCH  FOR VC13-2\X-TOUCH  FOR VC13\Builds\VisualStudio2010\Release\CL.652.write.1.tlog
E:\PC_project\X-TOUCH\X-TOUCH  FOR VC13-1-31\X-TOUCH  FOR 4-1 for compact debug\X-TOUCH  FOR VC13-2\X-TOUCH  FOR VC13\Builds\VisualStudio2010\Release\CL.6536.read.1.tlog
E:\PC_project\X-TOUCH\X-TOUCH  FOR VC13-1-31\X-TOUCH  FOR 4-1 for compact debug\X-TOUCH  FOR VC13-2\X-TOUCH  FOR VC13\Builds\VisualStudio2010\Release\CL.6536.write.1.tlog
E:\PC_project\X-TOUCH\X-TOUCH  FOR VC13-1-31\X-TOUCH  FOR 4-1 for compact debug\X-TOUCH  FOR VC13-2\X-TOUCH  FOR VC13\Builds\VisualStudio2010\Release\CL.6628.read.1.tlog
E:\PC_project\X-TOUCH\X-TOUCH  FOR VC13-1-31\X-TOUCH  FOR 4-1 for compact debug\X-TOUCH  FOR VC13-2\X-TOUCH  FOR VC13\Builds\VisualStudio2010\Release\CL.6628.write.1.tlog
E:\PC_project\X-TOUCH\X-TOUCH  FOR VC13-1-31\X-TOUCH  FOR 4-1 for compact debug\X-TOUCH  FOR VC13-2\X-TOUCH  FOR VC13\Builds\VisualStudio2010\Release\CL.6720.read.1.tlog
E:\PC_project\X-TOUCH\X-TOUCH  FOR VC13-1-31\X-TOUCH  FOR 4-1 for compact debug\X-TOUCH  FOR VC13-2\X-TOUCH  FOR VC13\Builds\VisualStudio2010\Release\CL.6720.write.1.tlog
E:\PC_project\X-TOUCH\X-TOUCH  FOR VC13-1-31\X-TOUCH  FOR 4-1 for compact debug\X-TOUCH  FOR VC13-2\X-TOUCH  FOR VC13\Builds\VisualStudio2010\Release\CL.68536.read.1.tlog
E:\PC_project\X-TOUCH\X-TOUCH  FOR VC13-1-31\X-TOUCH  FOR 4-1 for compact debug\X-TOUCH  FOR VC13-2\X-TOUCH  FOR VC13\Builds\VisualStudio2010\Release\CL.68536.write.1.tlog
E:\PC_project\X-TOUCH\X-TOUCH  FOR VC13-1-31\X-TOUCH  FOR 4-1 for compact debug\X-TOUCH  FOR VC13-2\X-TOUCH  FOR VC13\Builds\VisualStudio2010\Release\CL.6892.read.1.tlog
E:\PC_project\X-TOUCH\X-TOUCH  FOR VC13-1-31\X-TOUCH  FOR 4-1 for compact debug\X-TOUCH  FOR VC13-2\X-TOUCH  FOR VC13\Builds\VisualStudio2010\Release\CL.6892.write.1.tlog
E:\PC_project\X-TOUCH\X-TOUCH  FOR VC13-1-31\X-TOUCH  FOR 4-1 for compact debug\X-TOUCH  FOR VC13-2\X-TOUCH  FOR VC13\Builds\VisualStudio2010\Release\CL.69468.read.1.tlog
E:\PC_project\X-TOUCH\X-TOUCH  FOR VC13-1-31\X-TOUCH  FOR 4-1 for compact debug\X-TOUCH  FOR VC13-2\X-TOUCH  FOR VC13\Builds\VisualStudio2010\Release\CL.69468.write.1.tlog
E:\PC_project\X-TOUCH\X-TOUCH  FOR VC13-1-31\X-TOUCH  FOR 4-1 for compact debug\X-TOUCH  FOR VC13-2\X-TOUCH  FOR VC13\Builds\VisualStudio2010\Release\CL.70372.read.1.tlog
E:\PC_project\X-TOUCH\X-TOUCH  FOR VC13-1-31\X-TOUCH  FOR 4-1 for compact debug\X-TOUCH  FOR VC13-2\X-TOUCH  FOR VC13\Builds\VisualStudio2010\Release\CL.70372.write.1.tlog
E:\PC_project\X-TOUCH\X-TOUCH  FOR VC13-1-31\X-TOUCH  FOR 4-1 for compact debug\X-TOUCH  FOR VC13-2\X-TOUCH  FOR VC13\Builds\VisualStudio2010\Release\CL.70780.read.1.tlog
E:\PC_project\X-TOUCH\X-TOUCH  FOR VC13-1-31\X-TOUCH  FOR 4-1 for compact debug\X-TOUCH  FOR VC13-2\X-TOUCH  FOR VC13\Builds\VisualStudio2010\Release\CL.70780.write.1.tlog
E:\PC_project\X-TOUCH\X-TOUCH  FOR VC13-1-31\X-TOUCH  FOR 4-1 for compact debug\X-TOUCH  FOR VC13-2\X-TOUCH  FOR VC13\Builds\VisualStudio2010\Release\CL.728.read.1.tlog
E:\PC_project\X-TOUCH\X-TOUCH  FOR VC13-1-31\X-TOUCH  FOR 4-1 for compact debug\X-TOUCH  FOR VC13-2\X-TOUCH  FOR VC13\Builds\VisualStudio2010\Release\CL.728.write.1.tlog
E:\PC_project\X-TOUCH\X-TOUCH  FOR VC13-1-31\X-TOUCH  FOR 4-1 for compact debug\X-TOUCH  FOR VC13-2\X-TOUCH  FOR VC13\Builds\VisualStudio2010\Release\CL.7340.read.1.tlog
E:\PC_project\X-TOUCH\X-TOUCH  FOR VC13-1-31\X-TOUCH  FOR 4-1 for compact debug\X-TOUCH  FOR VC13-2\X-TOUCH  FOR VC13\Builds\VisualStudio2010\Release\CL.7340.write.1.tlog
E:\PC_project\X-TOUCH\X-TOUCH  FOR VC13-1-31\X-TOUCH  FOR 4-1 for compact debug\X-TOUCH  FOR VC13-2\X-TOUCH  FOR VC13\Builds\VisualStudio2010\Release\CL.7352.read.1.tlog
E:\PC_project\X-TOUCH\X-TOUCH  FOR VC13-1-31\X-TOUCH  FOR 4-1 for compact debug\X-TOUCH  FOR VC13-2\X-TOUCH  FOR VC13\Builds\VisualStudio2010\Release\CL.7352.write.1.tlog
E:\PC_project\X-TOUCH\X-TOUCH  FOR VC13-1-31\X-TOUCH  FOR 4-1 for compact debug\X-TOUCH  FOR VC13-2\X-TOUCH  FOR VC13\Builds\VisualStudio2010\Release\CL.73956.read.1.tlog
E:\PC_project\X-TOUCH\X-TOUCH  FOR VC13-1-31\X-TOUCH  FOR 4-1 for compact debug\X-TOUCH  FOR VC13-2\X-TOUCH  FOR VC13\Builds\VisualStudio2010\Release\CL.73956.write.1.tlog
E:\PC_project\X-TOUCH\X-TOUCH  FOR VC13-1-31\X-TOUCH  FOR 4-1 for compact debug\X-TOUCH  FOR VC13-2\X-TOUCH  FOR VC13\Builds\VisualStudio2010\Release\CL.75948.read.1.tlog
E:\PC_project\X-TOUCH\X-TOUCH  FOR VC13-1-31\X-TOUCH  FOR 4-1 for compact debug\X-TOUCH  FOR VC13-2\X-TOUCH  FOR VC13\Builds\VisualStudio2010\Release\CL.75948.write.1.tlog
E:\PC_project\X-TOUCH\X-TOUCH  FOR VC13-1-31\X-TOUCH  FOR 4-1 for compact debug\X-TOUCH  FOR VC13-2\X-TOUCH  FOR VC13\Builds\VisualStudio2010\Release\CL.7612.read.1.tlog
E:\PC_project\X-TOUCH\X-TOUCH  FOR VC13-1-31\X-TOUCH  FOR 4-1 for compact debug\X-TOUCH  FOR VC13-2\X-TOUCH  FOR VC13\Builds\VisualStudio2010\Release\CL.7612.write.1.tlog
E:\PC_project\X-TOUCH\X-TOUCH  FOR VC13-1-31\X-TOUCH  FOR 4-1 for compact debug\X-TOUCH  FOR VC13-2\X-TOUCH  FOR VC13\Builds\VisualStudio2010\Release\CL.7708.read.1.tlog
E:\PC_project\X-TOUCH\X-TOUCH  FOR VC13-1-31\X-TOUCH  FOR 4-1 for compact debug\X-TOUCH  FOR VC13-2\X-TOUCH  FOR VC13\Builds\VisualStudio2010\Release\CL.7708.write.1.tlog
E:\PC_project\X-TOUCH\X-TOUCH  FOR VC13-1-31\X-TOUCH  FOR 4-1 for compact debug\X-TOUCH  FOR VC13-2\X-TOUCH  FOR VC13\Builds\VisualStudio2010\Release\CL.7928.read.1.tlog
E:\PC_project\X-TOUCH\X-TOUCH  FOR VC13-1-31\X-TOUCH  FOR 4-1 for compact debug\X-TOUCH  FOR VC13-2\X-TOUCH  FOR VC13\Builds\VisualStudio2010\Release\CL.7928.write.1.tlog
E:\PC_project\X-TOUCH\X-TOUCH  FOR VC13-1-31\X-TOUCH  FOR 4-1 for compact debug\X-TOUCH  FOR VC13-2\X-TOUCH  FOR VC13\Builds\VisualStudio2010\Release\CL.8152.read.1.tlog
E:\PC_project\X-TOUCH\X-TOUCH  FOR VC13-1-31\X-TOUCH  FOR 4-1 for compact debug\X-TOUCH  FOR VC13-2\X-TOUCH  FOR VC13\Builds\VisualStudio2010\Release\CL.8152.write.1.tlog
E:\PC_project\X-TOUCH\X-TOUCH  FOR VC13-1-31\X-TOUCH  FOR 4-1 for compact debug\X-TOUCH  FOR VC13-2\X-TOUCH  FOR VC13\Builds\VisualStudio2010\Release\CL.8188.read.1.tlog
E:\PC_project\X-TOUCH\X-TOUCH  FOR VC13-1-31\X-TOUCH  FOR 4-1 for compact debug\X-TOUCH  FOR VC13-2\X-TOUCH  FOR VC13\Builds\VisualStudio2010\Release\CL.8188.write.1.tlog
E:\PC_project\X-TOUCH\X-TOUCH  FOR VC13-1-31\X-TOUCH  FOR 4-1 for compact debug\X-TOUCH  FOR VC13-2\X-TOUCH  FOR VC13\Builds\VisualStudio2010\Release\CL.8288.read.1.tlog
E:\PC_project\X-TOUCH\X-TOUCH  FOR VC13-1-31\X-TOUCH  FOR 4-1 for compact debug\X-TOUCH  FOR VC13-2\X-TOUCH  FOR VC13\Builds\VisualStudio2010\Release\CL.8288.write.1.tlog
E:\PC_project\X-TOUCH\X-TOUCH  FOR VC13-1-31\X-TOUCH  FOR 4-1 for compact debug\X-TOUCH  FOR VC13-2\X-TOUCH  FOR VC13\Builds\VisualStudio2010\Release\CL.84744.read.1.tlog
E:\PC_project\X-TOUCH\X-TOUCH  FOR VC13-1-31\X-TOUCH  FOR 4-1 for compact debug\X-TOUCH  FOR VC13-2\X-TOUCH  FOR VC13\Builds\VisualStudio2010\Release\CL.84744.write.1.tlog
E:\PC_project\X-TOUCH\X-TOUCH  FOR VC13-1-31\X-TOUCH  FOR 4-1 for compact debug\X-TOUCH  FOR VC13-2\X-TOUCH  FOR VC13\Builds\VisualStudio2010\Release\CL.86636.read.1.tlog
E:\PC_project\X-TOUCH\X-TOUCH  FOR VC13-1-31\X-TOUCH  FOR 4-1 for compact debug\X-TOUCH  FOR VC13-2\X-TOUCH  FOR VC13\Builds\VisualStudio2010\Release\CL.86636.write.1.tlog
E:\PC_project\X-TOUCH\X-TOUCH  FOR VC13-1-31\X-TOUCH  FOR 4-1 for compact debug\X-TOUCH  FOR VC13-2\X-TOUCH  FOR VC13\Builds\VisualStudio2010\Release\CL.868.read.1.tlog
E:\PC_project\X-TOUCH\X-TOUCH  FOR VC13-1-31\X-TOUCH  FOR 4-1 for compact debug\X-TOUCH  FOR VC13-2\X-TOUCH  FOR VC13\Builds\VisualStudio2010\Release\CL.868.write.1.tlog
E:\PC_project\X-TOUCH\X-TOUCH  FOR VC13-1-31\X-TOUCH  FOR 4-1 for compact debug\X-TOUCH  FOR VC13-2\X-TOUCH  FOR VC13\Builds\VisualStudio2010\Release\CL.9084.read.1.tlog
E:\PC_project\X-TOUCH\X-TOUCH  FOR VC13-1-31\X-TOUCH  FOR 4-1 for compact debug\X-TOUCH  FOR VC13-2\X-TOUCH  FOR VC13\Builds\VisualStudio2010\Release\CL.9084.write.1.tlog
E:\PC_project\X-TOUCH\X-TOUCH  FOR VC13-1-31\X-TOUCH  FOR 4-1 for compact debug\X-TOUCH  FOR VC13-2\X-TOUCH  FOR VC13\Builds\VisualStudio2010\Release\cl.command.1.tlog
E:\PC_project\X-TOUCH\X-TOUCH  FOR VC13-1-31\X-TOUCH  FOR 4-1 for compact debug\X-TOUCH  FOR VC13-2\X-TOUCH  FOR VC13\Builds\VisualStudio2010\Release\CL.read.1.tlog
E:\PC_project\X-TOUCH\X-TOUCH  FOR VC13-1-31\X-TOUCH  FOR 4-1 for compact debug\X-TOUCH  FOR VC13-2\X-TOUCH  FOR VC13\Builds\VisualStudio2010\Release\CL.write.1.tlog
E:\PC_project\X-TOUCH\X-TOUCH  FOR VC13-1-31\X-TOUCH  FOR 4-1 for compact debug\X-TOUCH  FOR VC13-2\X-TOUCH  FOR VC13\Builds\VisualStudio2010\Release\link-cvtres.read.1.tlog
E:\PC_project\X-TOUCH\X-TOUCH  FOR VC13-1-31\X-TOUCH  FOR 4-1 for compact debug\X-TOUCH  FOR VC13-2\X-TOUCH  FOR VC13\Builds\VisualStudio2010\Release\link-cvtres.write.1.tlog
E:\PC_project\X-TOUCH\X-TOUCH  FOR VC13-1-31\X-TOUCH  FOR 4-1 for compact debug\X-TOUCH  FOR VC13-2\X-TOUCH  FOR VC13\Builds\VisualStudio2010\Release\link-DW20.read.1.tlog
E:\PC_project\X-TOUCH\X-TOUCH  FOR VC13-1-31\X-TOUCH  FOR 4-1 for compact debug\X-TOUCH  FOR VC13-2\X-TOUCH  FOR VC13\Builds\VisualStudio2010\Release\link-rc.read.1.tlog
E:\PC_project\X-TOUCH\X-TOUCH  FOR VC13-1-31\X-TOUCH  FOR 4-1 for compact debug\X-TOUCH  FOR VC13-2\X-TOUCH  FOR VC13\Builds\VisualStudio2010\Release\link-rc.write.1.tlog
E:\PC_project\X-TOUCH\X-TOUCH  FOR VC13-1-31\X-TOUCH  FOR 4-1 for compact debug\X-TOUCH  FOR VC13-2\X-TOUCH  FOR VC13\Builds\VisualStudio2010\Release\link.command.1.tlog
E:\PC_project\X-TOUCH\X-TOUCH  FOR VC13-1-31\X-TOUCH  FOR 4-1 for compact debug\X-TOUCH  FOR VC13-2\X-TOUCH  FOR VC13\Builds\VisualStudio2010\Release\link.read.1.tlog
E:\PC_project\X-TOUCH\X-TOUCH  FOR VC13-1-31\X-TOUCH  FOR 4-1 for compact debug\X-TOUCH  FOR VC13-2\X-TOUCH  FOR VC13\Builds\VisualStudio2010\Release\link.read.2.tlog
E:\PC_project\X-TOUCH\X-TOUCH  FOR VC13-1-31\X-TOUCH  FOR 4-1 for compact debug\X-TOUCH  FOR VC13-2\X-TOUCH  FOR VC13\Builds\VisualStudio2010\Release\link.read.3.tlog
E:\PC_project\X-TOUCH\X-TOUCH  FOR VC13-1-31\X-TOUCH  FOR 4-1 for compact debug\X-TOUCH  FOR VC13-2\X-TOUCH  FOR VC13\Builds\VisualStudio2010\Release\link.read.4.tlog
E:\PC_project\X-TOUCH\X-TOUCH  FOR VC13-1-31\X-TOUCH  FOR 4-1 for compact debug\X-TOUCH  FOR VC13-2\X-TOUCH  FOR VC13\Builds\VisualStudio2010\Release\link.read.5.tlog
E:\PC_project\X-TOUCH\X-TOUCH  FOR VC13-1-31\X-TOUCH  FOR 4-1 for compact debug\X-TOUCH  FOR VC13-2\X-TOUCH  FOR VC13\Builds\VisualStudio2010\Release\link.read.6.tlog
E:\PC_project\X-TOUCH\X-TOUCH  FOR VC13-1-31\X-TOUCH  FOR 4-1 for compact debug\X-TOUCH  FOR VC13-2\X-TOUCH  FOR VC13\Builds\VisualStudio2010\Release\link.write.1.tlog
E:\PC_project\X-TOUCH\X-TOUCH  FOR VC13-1-31\X-TOUCH  FOR 4-1 for compact debug\X-TOUCH  FOR VC13-2\X-TOUCH  FOR VC13\Builds\VisualStudio2010\Release\rc.command.1.tlog
E:\PC_project\X-TOUCH\X-TOUCH  FOR VC13-1-31\X-TOUCH  FOR 4-1 for compact debug\X-TOUCH  FOR VC13-2\X-TOUCH  FOR VC13\Builds\VisualStudio2010\Release\rc.read.1.tlog
E:\PC_project\X-TOUCH\X-TOUCH  FOR VC13-1-31\X-TOUCH  FOR 4-1 for compact debug\X-TOUCH  FOR VC13-2\X-TOUCH  FOR VC13\Builds\VisualStudio2010\Release\rc.write.1.tlog
E:\PC_project\X-TOUCH\X-TOUCH  FOR VC13-1-31\X-TOUCH  FOR 4-1 for compact debug\X-TOUCH  FOR VC13-2\X-TOUCH  FOR VC13\Builds\VisualStudio2010\Release\resources.res
E:\PC_project\X-TOUCH\X-TOUCH  FOR VC13-1-31\X-TOUCH  FOR 4-1 for compact debug\X-TOUCH  FOR VC13-2\X-TOUCH  FOR VC13\Builds\VisualStudio2010\Release\vc110.pdb
E:\PC_project\X-TOUCH\X-TOUCH  FOR VC13-1-31\X-TOUCH  FOR 4-1 for compact debug\X-TOUCH  FOR VC13-2\X-TOUCH  FOR VC13\Builds\VisualStudio2010\Release\vc120.pdb
