生成启动时间为 2015/5/21 14:22:02。
     1>项目“E:\PC_project\X-TOUCH\X-TOUCH  FOR VC13-1-31\X-TOUCH  FOR 4-1 for compact debug\X-TOUCH  FOR VC13-2\X-TOUCH  FOR VC13\Builds\VisualStudio2010\X-TOUCH.vcxproj”在节点 2 上(rebuild 个目标)。
     1>_PrepareForClean:
         正在删除文件“Debug\X-TOUCH.lastbuildstate”。
       InitializeBuildStatus:
         正在创建“Debug\X-TOUCH.unsuccessfulbuild”，因为已指定“AlwaysCreate”。
       ClCompile:
         D:\Program Files\Microsoft Visual Studio 10.0\VC\bin\CL.exe /c /I..\..\JuceLibraryCode /I..\..\JuceLibraryCode\modules /ZI /nologo /W4 /WX- /MP /Od /Oy- /D WIN32 /D _WINDOWS /D DEBUG /D _DEBUG /D JUCER_VS2010_78A501D=1 /Gm- /EHsc /MTd /GS /fp:precise /Zc:wchar_t /Zc:forScope /GR /Fo"Debug\\" /Fd"Debug\\vc100.pdb" /Gd /TP /analyze- /errorReport:prompt ..\..\Source\BackgroundThread.cpp ..\..\Source\ButtonsCompact17To24Component.cpp ..\..\Source\ButtonsCompact1To8Component.cpp ..\..\Source\ButtonsCompact25To33Component.cpp ..\..\Source\ButtonsCompact34To39Component.cpp ..\..\Source\ButtonsCompact9To16Component.cpp ..\..\Source\ButtonsCompactComponent.cpp ..\..\Source\ButtonsMini1To8Component.cpp ..\..\Source\ButtonsMini9To16Component.cpp ..\..\Source\ButtonsMiniComponent.cpp ..\..\Source\CC_BT_Component.cpp ..\..\Source\CC_Viewport_Component.cpp ..\..\Source\CustomImageButton.cpp ..\..\Source\CustomTextButton.cpp ..\..\Source\DecumoMenuComponent.cpp ..\..\Source\EncodersCompact1To8Component.cpp ..\..\Source\EncodersCompact9To16Component.cpp ..\..\Source\EncodersCompactComponent.cpp ..\..\Source\EncodersMiniComponent.cpp ..\..\Source\FaderMiniComponent.cpp ..\..\Source\FadersAndFootCompactComponent.cpp ..\..\Source\FaderTouchCompactComponent.cpp ..\..\Source\FiveMenuComponent.cpp ..\..\Source\GlobalCompactComponent.cpp ..\..\Source\GlobalMiniComponent.cpp ..\..\Source\LookAndFeel_V4.cpp ..\..\Source\LookAndFeel_V5.cpp ..\..\Source\MainComponent.cpp ..\..\Source\Main.cpp ..\..\JuceLibraryCode\modules\juce_core\juce_core.cpp ..\..\JuceLibraryCode\modules\juce_data_structures\juce_data_structures.cpp ..\..\JuceLibraryCode\modules\juce_events\juce_events.cpp ..\..\JuceLibraryCode\modules\juce_graphics\juce_graphics.cpp ..\..\JuceLibraryCode\modules\juce_gui_basics\juce_gui_basics.cpp ..\..\Source\MainComponentMessage.cpp ..\..\Source\MainComponentMessageListener.cpp ..\..\Source\MidiDeviceProcess.cpp ..\..\Source\MMCFuntionsBTComponent.cpp ..\..\Source\MMCFuntionsViewComponent.cpp ..\..\Source\MusicNoteBTComponent.cpp ..\..\Source\MusicNoteViewComponent.cpp ..\..\Source\MutilDevWinComponent.cpp ..\..\Source\MyTextButton.cpp ..\..\Source\PanFanComponent.cpp ..\..\Source\SixthChannelComponent.cpp ..\..\Source\Twochoose_Component.cpp ..\..\Source\ViewChannelComponent.cpp ..\..\Source\ViewPortComponent.cpp ..\..\Source\XtouchDevMidiData.cpp
         BackgroundThread.cpp
         ButtonsCompact17To24Component.cpp
     1>e:\pc_project\x-touch\x-touch  for vc13-1-31\x-touch  for 4-1 for compact debug\x-touch  for vc13-2\x-touch  for vc13\source\backgroundthread.cpp(711): warning C4127: 条件表达式是常量
     1>e:\pc_project\x-touch\x-touch  for vc13-1-31\x-touch  for 4-1 for compact debug\x-touch  for vc13-2\x-touch  for vc13\source\backgroundthread.cpp(836): warning C4127: 条件表达式是常量
     1>e:\pc_project\x-touch\x-touch  for vc13-1-31\x-touch  for 4-1 for compact debug\x-touch  for vc13-2\x-touch  for vc13\source\backgroundthread.cpp(995): warning C4018: “<”: 有符号/无符号不匹配
     1>e:\pc_project\x-touch\x-touch  for vc13-1-31\x-touch  for 4-1 for compact debug\x-touch  for vc13-2\x-touch  for vc13\source\backgroundthread.cpp(1013): warning C4018: “<”: 有符号/无符号不匹配
     1>e:\pc_project\x-touch\x-touch  for vc13-1-31\x-touch  for 4-1 for compact debug\x-touch  for vc13-2\x-touch  for vc13\source\backgroundthread.cpp(1180): warning C4127: 条件表达式是常量
     1>e:\pc_project\x-touch\x-touch  for vc13-1-31\x-touch  for 4-1 for compact debug\x-touch  for vc13-2\x-touch  for vc13\source\buttonscompact17to24component.cpp(2064): warning C4100: “CustomImageButtonThatHasChanged”: 未引用的形参
     1>e:\pc_project\x-touch\x-touch  for vc13-1-31\x-touch  for 4-1 for compact debug\x-touch  for vc13-2\x-touch  for vc13\source\buttonscompact17to24component.cpp(2088): warning C4100: “s”: 未引用的形参
     1>e:\pc_project\x-touch\x-touch  for vc13-1-31\x-touch  for 4-1 for compact debug\x-touch  for vc13-2\x-touch  for vc13\source\backgroundthread.cpp(720): warning C4701: 使用了可能未初始化的局部变量“XTOUCH_DevId0”
     1>e:\pc_project\x-touch\x-touch  for vc13-1-31\x-touch  for 4-1 for compact debug\x-touch  for vc13-2\x-touch  for vc13\source\backgroundthread.cpp(728): warning C4701: 使用了可能未初始化的局部变量“XTOUCH_DevId1”
     1>e:\pc_project\x-touch\x-touch  for vc13-1-31\x-touch  for 4-1 for compact debug\x-touch  for vc13-2\x-touch  for vc13\source\backgroundthread.cpp(1107): warning C4701: 使用了可能未初始化的局部变量“SecretFuncSeedReallyUsed”
         ButtonsCompact1To8Component.cpp
         ButtonsCompact25To33Component.cpp
     1>e:\pc_project\x-touch\x-touch  for vc13-1-31\x-touch  for 4-1 for compact debug\x-touch  for vc13-2\x-touch  for vc13\source\buttonscompact1to8component.cpp(2062): warning C4100: “CustomImageButtonThatHasChanged”: 未引用的形参
     1>e:\pc_project\x-touch\x-touch  for vc13-1-31\x-touch  for 4-1 for compact debug\x-touch  for vc13-2\x-touch  for vc13\source\buttonscompact1to8component.cpp(2086): warning C4100: “s”: 未引用的形参
     1>e:\pc_project\x-touch\x-touch  for vc13-1-31\x-touch  for 4-1 for compact debug\x-touch  for vc13-2\x-touch  for vc13\source\buttonscompact25to33component.cpp(2409): warning C4100: “CustomImageButtonThatHasChanged”: 未引用的形参
     1>e:\pc_project\x-touch\x-touch  for vc13-1-31\x-touch  for 4-1 for compact debug\x-touch  for vc13-2\x-touch  for vc13\source\buttonscompact25to33component.cpp(2433): warning C4100: “s”: 未引用的形参
         ButtonsCompact34To39Component.cpp
         ButtonsCompact9To16Component.cpp
     1>e:\pc_project\x-touch\x-touch  for vc13-1-31\x-touch  for 4-1 for compact debug\x-touch  for vc13-2\x-touch  for vc13\source\buttonscompact34to39component.cpp(1780): warning C4100: “CustomImageButtonThatHasChanged”: 未引用的形参
     1>e:\pc_project\x-touch\x-touch  for vc13-1-31\x-touch  for 4-1 for compact debug\x-touch  for vc13-2\x-touch  for vc13\source\buttonscompact34to39component.cpp(1804): warning C4100: “s”: 未引用的形参
     1>e:\pc_project\x-touch\x-touch  for vc13-1-31\x-touch  for 4-1 for compact debug\x-touch  for vc13-2\x-touch  for vc13\source\buttonscompact9to16component.cpp(2065): warning C4100: “CustomImageButtonThatHasChanged”: 未引用的形参
     1>e:\pc_project\x-touch\x-touch  for vc13-1-31\x-touch  for 4-1 for compact debug\x-touch  for vc13-2\x-touch  for vc13\source\buttonscompact9to16component.cpp(2089): warning C4100: “s”: 未引用的形参
     1>e:\pc_project\x-touch\x-touch  for vc13-1-31\x-touch  for 4-1 for compact debug\x-touch  for vc13-2\x-touch  for vc13\source\buttonscompact34to39component.cpp(1857): warning C4715: “ButtonsCompact34To39Component::ReturnMMCBt1”: 不是所有的控件路径都返回值
     1>e:\pc_project\x-touch\x-touch  for vc13-1-31\x-touch  for 4-1 for compact debug\x-touch  for vc13-2\x-touch  for vc13\source\buttonscompact34to39component.cpp(1872): warning C4715: “ButtonsCompact34To39Component::ReturnMMCBt2”: 不是所有的控件路径都返回值
     1>e:\pc_project\x-touch\x-touch  for vc13-1-31\x-touch  for 4-1 for compact debug\x-touch  for vc13-2\x-touch  for vc13\source\buttonscompact34to39component.cpp(1888): warning C4715: “ButtonsCompact34To39Component::ReturnMMCBt0”: 不是所有的控件路径都返回值
         ButtonsCompactComponent.cpp
         ButtonsMini1To8Component.cpp
     1>e:\pc_project\x-touch\x-touch  for vc13-1-31\x-touch  for 4-1 for compact debug\x-touch  for vc13-2\x-touch  for vc13\source\buttonsmini1to8component.cpp(1845): warning C4100: “CustomImageButtonThatHasChanged”: 未引用的形参
     1>e:\pc_project\x-touch\x-touch  for vc13-1-31\x-touch  for 4-1 for compact debug\x-touch  for vc13-2\x-touch  for vc13\source\buttonsmini1to8component.cpp(1935): warning C4100: “s”: 未引用的形参
         ButtonsMini9To16Component.cpp
     1>e:\pc_project\x-touch\x-touch  for vc13-1-31\x-touch  for 4-1 for compact debug\x-touch  for vc13-2\x-touch  for vc13\source\buttonsmini1to8component.cpp(2003): warning C4715: “ButtonsMini1To8Component::GetCustomBT”: 不是所有的控件路径都返回值
         ButtonsMiniComponent.cpp
     1>e:\pc_project\x-touch\x-touch  for vc13-1-31\x-touch  for 4-1 for compact debug\x-touch  for vc13-2\x-touch  for vc13\source\buttonsmini9to16component.cpp(1881): warning C4100: “CustomImageButtonThatHasChanged”: 未引用的形参
     1>e:\pc_project\x-touch\x-touch  for vc13-1-31\x-touch  for 4-1 for compact debug\x-touch  for vc13-2\x-touch  for vc13\source\buttonsmini9to16component.cpp(1970): warning C4100: “s”: 未引用的形参
         CC_BT_Component.cpp
     1>e:\pc_project\x-touch\x-touch  for vc13-1-31\x-touch  for 4-1 for compact debug\x-touch  for vc13-2\x-touch  for vc13\source\buttonsmini9to16component.cpp(2037): warning C4715: “ButtonsMini9To16Component::GetCustomBT”: 不是所有的控件路径都返回值
     1>e:\pc_project\x-touch\x-touch  for vc13-1-31\x-touch  for 4-1 for compact debug\x-touch  for vc13-2\x-touch  for vc13\source\buttonsmini9to16component.cpp(2054): warning C4715: “ButtonsMini9To16Component::ReturnMMCBt1”: 不是所有的控件路径都返回值
     1>e:\pc_project\x-touch\x-touch  for vc13-1-31\x-touch  for 4-1 for compact debug\x-touch  for vc13-2\x-touch  for vc13\source\buttonsmini9to16component.cpp(2069): warning C4715: “ButtonsMini9To16Component::ReturnMMCBt2”: 不是所有的控件路径都返回值
     1>e:\pc_project\x-touch\x-touch  for vc13-1-31\x-touch  for 4-1 for compact debug\x-touch  for vc13-2\x-touch  for vc13\source\buttonsmini9to16component.cpp(2085): warning C4715: “ButtonsMini9To16Component::ReturnMMCBt0”: 不是所有的控件路径都返回值
         CC_Viewport_Component.cpp
         CustomImageButton.cpp
         CustomTextButton.cpp
     1>e:\pc_project\x-touch\x-touch  for vc13-1-31\x-touch  for 4-1 for compact debug\x-touch  for vc13-2\x-touch  for vc13\source\customtextbutton.cpp(369): warning C4100: “s”: 未引用的形参
         DecumoMenuComponent.cpp
         EncodersCompact1To8Component.cpp
     1>e:\pc_project\x-touch\x-touch  for vc13-1-31\x-touch  for 4-1 for compact debug\x-touch  for vc13-2\x-touch  for vc13\source\encoderscompact1to8component.cpp(3086): warning C4100: “CustomImageButtonThatHasChanged”: 未引用的形参
     1>e:\pc_project\x-touch\x-touch  for vc13-1-31\x-touch  for 4-1 for compact debug\x-touch  for vc13-2\x-touch  for vc13\source\encoderscompact1to8component.cpp(3107): warning C4100: “s”: 未引用的形参
         EncodersCompact9To16Component.cpp
         EncodersCompactComponent.cpp
     1>e:\pc_project\x-touch\x-touch  for vc13-1-31\x-touch  for 4-1 for compact debug\x-touch  for vc13-2\x-touch  for vc13\source\encoderscompact9to16component.cpp(3077): warning C4100: “CustomImageButtonThatHasChanged”: 未引用的形参
     1>e:\pc_project\x-touch\x-touch  for vc13-1-31\x-touch  for 4-1 for compact debug\x-touch  for vc13-2\x-touch  for vc13\source\encoderscompact9to16component.cpp(3099): warning C4100: “s”: 未引用的形参
         EncodersMiniComponent.cpp
         FaderMiniComponent.cpp
     1>e:\pc_project\x-touch\x-touch  for vc13-1-31\x-touch  for 4-1 for compact debug\x-touch  for vc13-2\x-touch  for vc13\source\encodersminicomponent.cpp(3230): warning C4100: “s”: 未引用的形参
     1>e:\pc_project\x-touch\x-touch  for vc13-1-31\x-touch  for 4-1 for compact debug\x-touch  for vc13-2\x-touch  for vc13\source\faderminicomponent.cpp(483): warning C4100: “CustomImageButtonThatHasChanged”: 未引用的形参
     1>e:\pc_project\x-touch\x-touch  for vc13-1-31\x-touch  for 4-1 for compact debug\x-touch  for vc13-2\x-touch  for vc13\source\encodersminicomponent.cpp(3477): warning C4715: “EncodersMiniComponent::GetCustomBT”: 不是所有的控件路径都返回值
         FadersAndFootCompactComponent.cpp
         FaderTouchCompactComponent.cpp
     1>e:\pc_project\x-touch\x-touch  for vc13-1-31\x-touch  for 4-1 for compact debug\x-touch  for vc13-2\x-touch  for vc13\source\fadersandfootcompactcomponent.cpp(1793): warning C4100: “CustomImageButtonThatHasChanged”: 未引用的形参
     1>e:\pc_project\x-touch\x-touch  for vc13-1-31\x-touch  for 4-1 for compact debug\x-touch  for vc13-2\x-touch  for vc13\source\fadertouchcompactcomponent.cpp(2301): warning C4100: “CustomImageButtonThatHasChanged”: 未引用的形参
         FiveMenuComponent.cpp
         GlobalCompactComponent.cpp
     1>e:\pc_project\x-touch\x-touch  for vc13-1-31\x-touch  for 4-1 for compact debug\x-touch  for vc13-2\x-touch  for vc13\source\globalcompactcomponent.cpp(882): warning C4996: '_wfopen': This function or variable may be unsafe. Consider using _wfopen_s instead. To disable deprecation, use _CRT_SECURE_NO_WARNINGS. See online help for details.
                 d:\program files\microsoft visual studio 10.0\vc\include\wchar.h(815) : 参见“_wfopen”的声明
     1>e:\pc_project\x-touch\x-touch  for vc13-1-31\x-touch  for 4-1 for compact debug\x-touch  for vc13-2\x-touch  for vc13\source\globalcompactcomponent.cpp(783): warning C4101: “cc”: 未引用的局部变量
     1>e:\pc_project\x-touch\x-touch  for vc13-1-31\x-touch  for 4-1 for compact debug\x-touch  for vc13-2\x-touch  for vc13\source\globalcompactcomponent.cpp(1421): warning C4018: “<”: 有符号/无符号不匹配
     1>e:\pc_project\x-touch\x-touch  for vc13-1-31\x-touch  for 4-1 for compact debug\x-touch  for vc13-2\x-touch  for vc13\source\globalcompactcomponent.cpp(1496): warning C4018: “<”: 有符号/无符号不匹配
     1>e:\pc_project\x-touch\x-touch  for vc13-1-31\x-touch  for 4-1 for compact debug\x-touch  for vc13-2\x-touch  for vc13\source\globalcompactcomponent.cpp(1835): warning C4127: 条件表达式是常量
     1>e:\pc_project\x-touch\x-touch  for vc13-1-31\x-touch  for 4-1 for compact debug\x-touch  for vc13-2\x-touch  for vc13\source\globalcompactcomponent.cpp(1874): warning C4127: 条件表达式是常量
     1>e:\pc_project\x-touch\x-touch  for vc13-1-31\x-touch  for 4-1 for compact debug\x-touch  for vc13-2\x-touch  for vc13\source\globalcompactcomponent.cpp(2417): warning C4996: '_wfopen': This function or variable may be unsafe. Consider using _wfopen_s instead. To disable deprecation, use _CRT_SECURE_NO_WARNINGS. See online help for details.
                 d:\program files\microsoft visual studio 10.0\vc\include\wchar.h(815) : 参见“_wfopen”的声明
     1>e:\pc_project\x-touch\x-touch  for vc13-1-31\x-touch  for 4-1 for compact debug\x-touch  for vc13-2\x-touch  for vc13\source\globalcompactcomponent.cpp(2570): warning C4996: '_wfopen': This function or variable may be unsafe. Consider using _wfopen_s instead. To disable deprecation, use _CRT_SECURE_NO_WARNINGS. See online help for details.
                 d:\program files\microsoft visual studio 10.0\vc\include\wchar.h(815) : 参见“_wfopen”的声明
     1>e:\pc_project\x-touch\x-touch  for vc13-1-31\x-touch  for 4-1 for compact debug\x-touch  for vc13-2\x-touch  for vc13\source\globalcompactcomponent.cpp(2728): warning C4244: “=”: 从“int”转换到“unsigned char”，可能丢失数据
     1>e:\pc_project\x-touch\x-touch  for vc13-1-31\x-touch  for 4-1 for compact debug\x-touch  for vc13-2\x-touch  for vc13\source\globalcompactcomponent.cpp(2746): warning C4244: “=”: 从“int”转换到“unsigned char”，可能丢失数据
         GlobalMiniComponent.cpp
     1>e:\pc_project\x-touch\x-touch  for vc13-1-31\x-touch  for 4-1 for compact debug\x-touch  for vc13-2\x-touch  for vc13\source\globalcompactcomponent.cpp(1759): warning C4700: 使用了未初始化的局部变量“SysExRtnOK”
     1>e:\pc_project\x-touch\x-touch  for vc13-1-31\x-touch  for 4-1 for compact debug\x-touch  for vc13-2\x-touch  for vc13\source\globalcompactcomponent.cpp(1761): warning C4700: 使用了未初始化的局部变量“rTimes”
         LookAndFeel_V4.cpp
         LookAndFeel_V5.cpp
         MainComponent.cpp
     1>e:\pc_project\x-touch\x-touch  for vc13-1-31\x-touch  for 4-1 for compact debug\x-touch  for vc13-2\x-touch  for vc13\source\lookandfeel_v5.cpp(85): warning C4239: 使用了非标准扩展:“初始化”: 从“juce::Rectangle<ValueType>”转换到“juce::Rectangle<ValueType> &”
                 with
                 [
                     ValueType=int
                 ]
                 非常量引用只能绑定到左值
         Main.cpp
     1>e:\pc_project\x-touch\x-touch  for vc13-1-31\x-touch  for 4-1 for compact debug\x-touch  for vc13-2\x-touch  for vc13\source\maincomponent.cpp(512): warning C4100: “r”: 未引用的形参
         juce_core.cpp
     1>e:\pc_project\x-touch\x-touch  for vc13-1-31\x-touch  for 4-1 for compact debug\x-touch  for vc13-2\x-touch  for vc13\source\main.cpp(27): warning C4100: “commandLine”: 未引用的形参
     1>e:\pc_project\x-touch\x-touch  for vc13-1-31\x-touch  for 4-1 for compact debug\x-touch  for vc13-2\x-touch  for vc13\source\main.cpp(48): warning C4100: “commandLine”: 未引用的形参
         juce_data_structures.cpp
         juce_events.cpp
         juce_graphics.cpp
         juce_gui_basics.cpp
         MainComponentMessage.cpp
     1>e:\pc_project\x-touch\x-touch  for vc13-1-31\x-touch  for 4-1 for compact debug\x-touch  for vc13-2\x-touch  for vc13\jucelibrarycode\modules\juce_gui_basics\layout\juce_tabbedbuttonbar.cpp(367): warning C4244: “初始化”: 从“double”转换到“int”，可能丢失数据
     1>e:\pc_project\x-touch\x-touch  for vc13-1-31\x-touch  for 4-1 for compact debug\x-touch  for vc13-2\x-touch  for vc13\jucelibrarycode\modules\juce_gui_basics\lookandfeel\juce_lookandfeel.cpp(485): warning C4100: “component”: 未引用的形参
     1>e:\pc_project\x-touch\x-touch  for vc13-1-31\x-touch  for 4-1 for compact debug\x-touch  for vc13-2\x-touch  for vc13\jucelibrarycode\modules\juce_gui_basics\lookandfeel\juce_lookandfeel.cpp(1146): warning C4244: “=”: 从“float”转换到“int”，可能丢失数据
     1>e:\pc_project\x-touch\x-touch  for vc13-1-31\x-touch  for 4-1 for compact debug\x-touch  for vc13-2\x-touch  for vc13\jucelibrarycode\modules\juce_gui_basics\lookandfeel\juce_lookandfeel.cpp(1800): warning C4127: 条件表达式是常量
     1>e:\pc_project\x-touch\x-touch  for vc13-1-31\x-touch  for 4-1 for compact debug\x-touch  for vc13-2\x-touch  for vc13\jucelibrarycode\modules\juce_gui_basics\lookandfeel\juce_lookandfeel.cpp(2440): warning C4100: “tabDepth”: 未引用的形参
     1>e:\pc_project\x-touch\x-touch  for vc13-1-31\x-touch  for 4-1 for compact debug\x-touch  for vc13-2\x-touch  for vc13\jucelibrarycode\modules\juce_gui_basics\lookandfeel\juce_lookandfeel.cpp(2595): warning C4244: “参数”: 从“double”转换到“float”，可能丢失数据
     1>e:\pc_project\x-touch\x-touch  for vc13-1-31\x-touch  for 4-1 for compact debug\x-touch  for vc13-2\x-touch  for vc13\jucelibrarycode\modules\juce_gui_basics\lookandfeel\juce_lookandfeel.cpp(3559): warning C4100: “cornerSize”: 未引用的形参
     1>e:\pc_project\x-touch\x-touch  for vc13-1-31\x-touch  for 4-1 for compact debug\x-touch  for vc13-2\x-touch  for vc13\jucelibrarycode\modules\juce_gui_basics\lookandfeel\juce_lookandfeel.cpp(3557): warning C4100: “colour”: 未引用的形参
     1>e:\pc_project\x-touch\x-touch  for vc13-1-31\x-touch  for 4-1 for compact debug\x-touch  for vc13-2\x-touch  for vc13\jucelibrarycode\modules\juce_gui_basics\lookandfeel\juce_lookandfeel.cpp(3555): warning C4100: “y”: 未引用的形参
     1>e:\pc_project\x-touch\x-touch  for vc13-1-31\x-touch  for 4-1 for compact debug\x-touch  for vc13-2\x-touch  for vc13\jucelibrarycode\modules\juce_gui_basics\lookandfeel\juce_lookandfeel.cpp(3555): warning C4100: “x”: 未引用的形参
     1>e:\pc_project\x-touch\x-touch  for vc13-1-31\x-touch  for 4-1 for compact debug\x-touch  for vc13-2\x-touch  for vc13\jucelibrarycode\modules\juce_gui_basics\lookandfeel\juce_lookandfeel.cpp(3554): warning C4100: “g”: 未引用的形参
     1>e:\pc_project\x-touch\x-touch  for vc13-1-31\x-touch  for 4-1 for compact debug\x-touch  for vc13-2\x-touch  for vc13\jucelibrarycode\modules\juce_gui_basics\widgets\juce_slider.cpp(1331): warning C4100: “position”: 未引用的形参
     1>e:\pc_project\x-touch\x-touch  for vc13-1-31\x-touch  for 4-1 for compact debug\x-touch  for vc13-2\x-touch  for vc13\jucelibrarycode\modules\juce_gui_basics\native\juce_win32_filechooser.cpp(141): warning C4244: “=”: 从“juce::juce_wchar”转换到“TCHAR”，可能丢失数据
         MainComponentMessageListener.cpp
         MidiDeviceProcess.cpp
         MMCFuntionsBTComponent.cpp
     1>e:\pc_project\x-touch\x-touch  for vc13-1-31\x-touch  for 4-1 for compact debug\x-touch  for vc13-2\x-touch  for vc13\source\midideviceprocess.cpp(509): warning C4100: “MidiOutDevId”: 未引用的形参
     1>e:\pc_project\x-touch\x-touch  for vc13-1-31\x-touch  for 4-1 for compact debug\x-touch  for vc13-2\x-touch  for vc13\source\midideviceprocess.cpp(587): warning C4018: “<”: 有符号/无符号不匹配
     1>e:\pc_project\x-touch\x-touch  for vc13-1-31\x-touch  for 4-1 for compact debug\x-touch  for vc13-2\x-touch  for vc13\source\midideviceprocess.cpp(840): warning C4101: “i”: 未引用的局部变量
     1>e:\pc_project\x-touch\x-touch  for vc13-1-31\x-touch  for 4-1 for compact debug\x-touch  for vc13-2\x-touch  for vc13\source\midideviceprocess.cpp(908): warning C4189: “i”: 局部变量已初始化但不引用
     1>e:\pc_project\x-touch\x-touch  for vc13-1-31\x-touch  for 4-1 for compact debug\x-touch  for vc13-2\x-touch  for vc13\source\midideviceprocess.cpp(907): warning C4189: “Fn1”: 局部变量已初始化但不引用
     1>e:\pc_project\x-touch\x-touch  for vc13-1-31\x-touch  for 4-1 for compact debug\x-touch  for vc13-2\x-touch  for vc13\source\midideviceprocess.cpp(908): warning C4189: “l”: 局部变量已初始化但不引用
     1>e:\pc_project\x-touch\x-touch  for vc13-1-31\x-touch  for 4-1 for compact debug\x-touch  for vc13-2\x-touch  for vc13\source\midideviceprocess.cpp(1055): warning C4100: “pSrcAdd”: 未引用的形参
     1>e:\pc_project\x-touch\x-touch  for vc13-1-31\x-touch  for 4-1 for compact debug\x-touch  for vc13-2\x-touch  for vc13\source\midideviceprocess.cpp(1083): warning C4100: “dwParam2”: 未引用的形参
     1>e:\pc_project\x-touch\x-touch  for vc13-1-31\x-touch  for 4-1 for compact debug\x-touch  for vc13-2\x-touch  for vc13\source\midideviceprocess.cpp(1083): warning C4100: “dwParam1”: 未引用的形参
     1>e:\pc_project\x-touch\x-touch  for vc13-1-31\x-touch  for 4-1 for compact debug\x-touch  for vc13-2\x-touch  for vc13\source\midideviceprocess.cpp(1083): warning C4100: “dwInstance”: 未引用的形参
     1>e:\pc_project\x-touch\x-touch  for vc13-1-31\x-touch  for 4-1 for compact debug\x-touch  for vc13-2\x-touch  for vc13\source\midideviceprocess.cpp(1083): warning C4100: “hMidiIn”: 未引用的形参
         MMCFuntionsViewComponent.cpp
         MusicNoteBTComponent.cpp
     1>e:\pc_project\x-touch\x-touch  for vc13-1-31\x-touch  for 4-1 for compact debug\x-touch  for vc13-2\x-touch  for vc13\source\mmcfuntionsviewcomponent.cpp(159): warning C4701: 使用了可能未初始化的局部变量“K”
         MusicNoteViewComponent.cpp
         MutilDevWinComponent.cpp
     1>e:\pc_project\x-touch\x-touch  for vc13-1-31\x-touch  for 4-1 for compact debug\x-touch  for vc13-2\x-touch  for vc13\source\musicnoteviewcomponent.cpp(158): warning C4701: 使用了可能未初始化的局部变量“K”
         MyTextButton.cpp
     1>e:\pc_project\x-touch\x-touch  for vc13-1-31\x-touch  for 4-1 for compact debug\x-touch  for vc13-2\x-touch  for vc13\source\mutildevwincomponent.cpp(63): warning C4018: “<”: 有符号/无符号不匹配
     1>e:\pc_project\x-touch\x-touch  for vc13-1-31\x-touch  for 4-1 for compact debug\x-touch  for vc13-2\x-touch  for vc13\source\mutildevwincomponent.cpp(99): warning C4018: “<”: 有符号/无符号不匹配
     1>e:\pc_project\x-touch\x-touch  for vc13-1-31\x-touch  for 4-1 for compact debug\x-touch  for vc13-2\x-touch  for vc13\source\mutildevwincomponent.cpp(132): warning C4018: “<”: 有符号/无符号不匹配
     1>e:\pc_project\x-touch\x-touch  for vc13-1-31\x-touch  for 4-1 for compact debug\x-touch  for vc13-2\x-touch  for vc13\source\mutildevwincomponent.cpp(181): warning C4018: “<”: 有符号/无符号不匹配
         PanFanComponent.cpp
         SixthChannelComponent.cpp
     1>e:\pc_project\x-touch\x-touch  for vc13-1-31\x-touch  for 4-1 for compact debug\x-touch  for vc13-2\x-touch  for vc13\source\sixthchannelcomponent.cpp(850): warning C4244: “=”: 从“int”转换到“unsigned char”，可能丢失数据
     1>e:\pc_project\x-touch\x-touch  for vc13-1-31\x-touch  for 4-1 for compact debug\x-touch  for vc13-2\x-touch  for vc13\source\sixthchannelcomponent.cpp(859): warning C4244: “=”: 从“int”转换到“unsigned char”，可能丢失数据
         Twochoose_Component.cpp
     1>e:\pc_project\x-touch\x-touch  for vc13-1-31\x-touch  for 4-1 for compact debug\x-touch  for vc13-2\x-touch  for vc13\source\sixthchannelcomponent.cpp(150): warning C4701: 使用了可能未初始化的局部变量“componentID”
         ViewChannelComponent.cpp
         ViewPortComponent.cpp
         XtouchDevMidiData.cpp
     1>e:\pc_project\x-touch\x-touch  for vc13-1-31\x-touch  for 4-1 for compact debug\x-touch  for vc13-2\x-touch  for vc13\source\xtouchdevmididata.cpp(125): warning C4701: 使用了可能未初始化的局部变量“returnnum”
       ResourceCompile:
         C:\Program Files\Microsoft SDKs\Windows\v7.0A\bin\rc.exe /D _DEBUG /l"0x0409" /nologo /fo"Debug\resources.res" .\resources.rc 
       Link:
         D:\Program Files\Microsoft Visual Studio 10.0\VC\bin\link.exe /ERRORREPORT:PROMPT /OUT:".\Debug\\X-TOUCH.exe" /NOLOGO kernel32.lib user32.lib gdi32.lib winspool.lib comdlg32.lib advapi32.lib shell32.lib ole32.lib oleaut32.lib uuid.lib odbc32.lib odbccp32.lib /NODEFAULTLIB:libcmt.lib /NODEFAULTLIB:msvcrt.lib /MANIFEST /ManifestFile:"Debug\X-TOUCH.exe.intermediate.manifest" /MANIFESTUAC:"level='asInvoker' uiAccess='false'" /DEBUG /PDB:"Debug\\X-TOUCH.pdb" /SUBSYSTEM:WINDOWS /LARGEADDRESSAWARE /TLBID:1 /DYNAMICBASE /NXCOMPAT /IMPLIB:".\Debug\X-TOUCH.lib" /MACHINE:X86 /SAFESEH:NO Debug\resources.res
         Debug\\BackgroundThread.obj
         Debug\\ButtonsCompact17To24Component.obj
         Debug\\ButtonsCompact1To8Component.obj
         Debug\\ButtonsCompact25To33Component.obj
         Debug\\ButtonsCompact34To39Component.obj
         Debug\\ButtonsCompact9To16Component.obj
         Debug\\ButtonsCompactComponent.obj
         Debug\\ButtonsMini1To8Component.obj
         Debug\\ButtonsMini9To16Component.obj
         Debug\\ButtonsMiniComponent.obj
         Debug\\CC_BT_Component.obj
         Debug\\CC_Viewport_Component.obj
         Debug\\CustomImageButton.obj
         Debug\\CustomTextButton.obj
         Debug\\DecumoMenuComponent.obj
         Debug\\EncodersCompact1To8Component.obj
         Debug\\EncodersCompact9To16Component.obj
         Debug\\EncodersCompactComponent.obj
         Debug\\EncodersMiniComponent.obj
         Debug\\FaderMiniComponent.obj
         Debug\\FadersAndFootCompactComponent.obj
         Debug\\FaderTouchCompactComponent.obj
         Debug\\FiveMenuComponent.obj
         Debug\\GlobalCompactComponent.obj
         Debug\\GlobalMiniComponent.obj
         Debug\\LookAndFeel_V4.obj
         Debug\\LookAndFeel_V5.obj
         Debug\\MainComponent.obj
         Debug\\Main.obj
         Debug\\juce_core.obj
         Debug\\juce_data_structures.obj
         Debug\\juce_events.obj
         Debug\\juce_graphics.obj
         Debug\\juce_gui_basics.obj
         Debug\\MainComponentMessage.obj
         Debug\\MainComponentMessageListener.obj
         Debug\\MidiDeviceProcess.obj
         Debug\\MMCFuntionsBTComponent.obj
         Debug\\MMCFuntionsViewComponent.obj
         Debug\\MusicNoteBTComponent.obj
         Debug\\MusicNoteViewComponent.obj
         Debug\\MutilDevWinComponent.obj
         Debug\\MyTextButton.obj
         Debug\\PanFanComponent.obj
         Debug\\SixthChannelComponent.obj
         Debug\\Twochoose_Component.obj
         Debug\\ViewChannelComponent.obj
         Debug\\ViewPortComponent.obj
         Debug\\XtouchDevMidiData.obj
         X-TOUCH.vcxproj -> E:\PC_project\X-TOUCH\X-TOUCH  FOR VC13-1-31\X-TOUCH  FOR 4-1 for compact debug\X-TOUCH  FOR VC13-2\X-TOUCH  FOR VC13\Builds\VisualStudio2010\.\Debug\X-TOUCH.exe
       Manifest:
         C:\Program Files\Microsoft SDKs\Windows\v7.0A\bin\mt.exe /nologo /verbose /outputresource:".\Debug\\X-TOUCH.exe;#1" /manifest "Debug\X-TOUCH.exe.intermediate.manifest"
       FinalizeBuildStatus:
         正在删除文件“Debug\X-TOUCH.unsuccessfulbuild”。
         正在对“Debug\X-TOUCH.lastbuildstate”执行 Touch 任务。
     1>已完成生成项目“E:\PC_project\X-TOUCH\X-TOUCH  FOR VC13-1-31\X-TOUCH  FOR 4-1 for compact debug\X-TOUCH  FOR VC13-2\X-TOUCH  FOR VC13\Builds\VisualStudio2010\X-TOUCH.vcxproj”(rebuild 个目标)的操作。

生成成功。

已用时间 00:01:51.41
