.\Debug\X-TOUCH.ilk
.\Debug\X-TOUCH.pdb
E:\PC_project\X-TOUCH\X-TOUCH  FOR VC13-1-31\X-TOUCH  FOR 4-1 for compact debug\X-TOUCH  FOR VC13-2\X-TOUCH  FOR VC13\Builds\VisualStudio2010\.\Debug\X-TOUCH.exe
E:\PC_project\X-TOUCH\X-TOUCH  FOR VC13-1-31\X-TOUCH  FOR 4-1 for compact debug\X-TOUCH  FOR VC13-2\X-TOUCH  FOR VC13\Builds\VisualStudio2010\.\Debug\X-TOUCH.exe.intermediate.manifest
E:\PC_project\X-TOUCH\X-TOUCH  FOR VC13-1-31\X-TOUCH  FOR 4-1 for compact debug\X-TOUCH  FOR VC13-2\X-TOUCH  FOR VC13\Builds\VisualStudio2010\Debug\BackgroundThread.obj
E:\PC_project\X-TOUCH\X-TOUCH  FOR VC13-1-31\X-TOUCH  FOR 4-1 for compact debug\X-TOUCH  FOR VC13-2\X-TOUCH  FOR VC13\Builds\VisualStudio2010\Debug\ButtonsCompact17To24Component.obj
E:\PC_project\X-TOUCH\X-TOUCH  FOR VC13-1-31\X-TOUCH  FOR 4-1 for compact debug\X-TOUCH  FOR VC13-2\X-TOUCH  FOR VC13\Builds\VisualStudio2010\Debug\ButtonsCompact1To8Component.obj
E:\PC_project\X-TOUCH\X-TOUCH  FOR VC13-1-31\X-TOUCH  FOR 4-1 for compact debug\X-TOUCH  FOR VC13-2\X-TOUCH  FOR VC13\Builds\VisualStudio2010\Debug\ButtonsCompact25To33Component.obj
E:\PC_project\X-TOUCH\X-TOUCH  FOR VC13-1-31\X-TOUCH  FOR 4-1 for compact debug\X-TOUCH  FOR VC13-2\X-TOUCH  FOR VC13\Builds\VisualStudio2010\Debug\ButtonsCompact34To39Component.obj
E:\PC_project\X-TOUCH\X-TOUCH  FOR VC13-1-31\X-TOUCH  FOR 4-1 for compact debug\X-TOUCH  FOR VC13-2\X-TOUCH  FOR VC13\Builds\VisualStudio2010\Debug\ButtonsCompact9To16Component.obj
E:\PC_project\X-TOUCH\X-TOUCH  FOR VC13-1-31\X-TOUCH  FOR 4-1 for compact debug\X-TOUCH  FOR VC13-2\X-TOUCH  FOR VC13\Builds\VisualStudio2010\Debug\ButtonsCompactComponent.obj
E:\PC_project\X-TOUCH\X-TOUCH  FOR VC13-1-31\X-TOUCH  FOR 4-1 for compact debug\X-TOUCH  FOR VC13-2\X-TOUCH  FOR VC13\Builds\VisualStudio2010\Debug\ButtonsMini1To8Component.obj
E:\PC_project\X-TOUCH\X-TOUCH  FOR VC13-1-31\X-TOUCH  FOR 4-1 for compact debug\X-TOUCH  FOR VC13-2\X-TOUCH  FOR VC13\Builds\VisualStudio2010\Debug\ButtonsMini9To16Component.obj
E:\PC_project\X-TOUCH\X-TOUCH  FOR VC13-1-31\X-TOUCH  FOR 4-1 for compact debug\X-TOUCH  FOR VC13-2\X-TOUCH  FOR VC13\Builds\VisualStudio2010\Debug\ButtonsMiniComponent.obj
E:\PC_project\X-TOUCH\X-TOUCH  FOR VC13-1-31\X-TOUCH  FOR 4-1 for compact debug\X-TOUCH  FOR VC13-2\X-TOUCH  FOR VC13\Builds\VisualStudio2010\Debug\CC_BT_Component.obj
E:\PC_project\X-TOUCH\X-TOUCH  FOR VC13-1-31\X-TOUCH  FOR 4-1 for compact debug\X-TOUCH  FOR VC13-2\X-TOUCH  FOR VC13\Builds\VisualStudio2010\Debug\CC_Viewport_Component.obj
E:\PC_project\X-TOUCH\X-TOUCH  FOR VC13-1-31\X-TOUCH  FOR 4-1 for compact debug\X-TOUCH  FOR VC13-2\X-TOUCH  FOR VC13\Builds\VisualStudio2010\Debug\CL.15908.read.1.tlog
E:\PC_project\X-TOUCH\X-TOUCH  FOR VC13-1-31\X-TOUCH  FOR 4-1 for compact debug\X-TOUCH  FOR VC13-2\X-TOUCH  FOR VC13\Builds\VisualStudio2010\Debug\CL.15908.write.1.tlog
E:\PC_project\X-TOUCH\X-TOUCH  FOR VC13-1-31\X-TOUCH  FOR 4-1 for compact debug\X-TOUCH  FOR VC13-2\X-TOUCH  FOR VC13\Builds\VisualStudio2010\Debug\CL.4516.read.1.tlog
E:\PC_project\X-TOUCH\X-TOUCH  FOR VC13-1-31\X-TOUCH  FOR 4-1 for compact debug\X-TOUCH  FOR VC13-2\X-TOUCH  FOR VC13\Builds\VisualStudio2010\Debug\CL.4516.write.1.tlog
E:\PC_project\X-TOUCH\X-TOUCH  FOR VC13-1-31\X-TOUCH  FOR 4-1 for compact debug\X-TOUCH  FOR VC13-2\X-TOUCH  FOR VC13\Builds\VisualStudio2010\Debug\cl.command.1.tlog
E:\PC_project\X-TOUCH\X-TOUCH  FOR VC13-1-31\X-TOUCH  FOR 4-1 for compact debug\X-TOUCH  FOR VC13-2\X-TOUCH  FOR VC13\Builds\VisualStudio2010\Debug\CL.read.1.tlog
E:\PC_project\X-TOUCH\X-TOUCH  FOR VC13-1-31\X-TOUCH  FOR 4-1 for compact debug\X-TOUCH  FOR VC13-2\X-TOUCH  FOR VC13\Builds\VisualStudio2010\Debug\cl.write.1.tlog
E:\PC_project\X-TOUCH\X-TOUCH  FOR VC13-1-31\X-TOUCH  FOR 4-1 for compact debug\X-TOUCH  FOR VC13-2\X-TOUCH  FOR VC13\Builds\VisualStudio2010\Debug\CustomImageButton.obj
E:\PC_project\X-TOUCH\X-TOUCH  FOR VC13-1-31\X-TOUCH  FOR 4-1 for compact debug\X-TOUCH  FOR VC13-2\X-TOUCH  FOR VC13\Builds\VisualStudio2010\Debug\CustomTextButton.obj
E:\PC_project\X-TOUCH\X-TOUCH  FOR VC13-1-31\X-TOUCH  FOR 4-1 for compact debug\X-TOUCH  FOR VC13-2\X-TOUCH  FOR VC13\Builds\VisualStudio2010\Debug\DecumoMenuComponent.obj
E:\PC_project\X-TOUCH\X-TOUCH  FOR VC13-1-31\X-TOUCH  FOR 4-1 for compact debug\X-TOUCH  FOR VC13-2\X-TOUCH  FOR VC13\Builds\VisualStudio2010\Debug\EncodersCompact1To8Component.obj
E:\PC_project\X-TOUCH\X-TOUCH  FOR VC13-1-31\X-TOUCH  FOR 4-1 for compact debug\X-TOUCH  FOR VC13-2\X-TOUCH  FOR VC13\Builds\VisualStudio2010\Debug\EncodersCompact9To16Component.obj
E:\PC_project\X-TOUCH\X-TOUCH  FOR VC13-1-31\X-TOUCH  FOR 4-1 for compact debug\X-TOUCH  FOR VC13-2\X-TOUCH  FOR VC13\Builds\VisualStudio2010\Debug\EncodersCompactComponent.obj
E:\PC_project\X-TOUCH\X-TOUCH  FOR VC13-1-31\X-TOUCH  FOR 4-1 for compact debug\X-TOUCH  FOR VC13-2\X-TOUCH  FOR VC13\Builds\VisualStudio2010\Debug\EncodersMiniComponent.obj
E:\PC_project\X-TOUCH\X-TOUCH  FOR VC13-1-31\X-TOUCH  FOR 4-1 for compact debug\X-TOUCH  FOR VC13-2\X-TOUCH  FOR VC13\Builds\VisualStudio2010\Debug\FaderMiniComponent.obj
E:\PC_project\X-TOUCH\X-TOUCH  FOR VC13-1-31\X-TOUCH  FOR 4-1 for compact debug\X-TOUCH  FOR VC13-2\X-TOUCH  FOR VC13\Builds\VisualStudio2010\Debug\FadersAndFootCompactComponent.obj
E:\PC_project\X-TOUCH\X-TOUCH  FOR VC13-1-31\X-TOUCH  FOR 4-1 for compact debug\X-TOUCH  FOR VC13-2\X-TOUCH  FOR VC13\Builds\VisualStudio2010\Debug\FaderTouchCompactComponent.obj
E:\PC_project\X-TOUCH\X-TOUCH  FOR VC13-1-31\X-TOUCH  FOR 4-1 for compact debug\X-TOUCH  FOR VC13-2\X-TOUCH  FOR VC13\Builds\VisualStudio2010\Debug\FiveMenuComponent.obj
E:\PC_project\X-TOUCH\X-TOUCH  FOR VC13-1-31\X-TOUCH  FOR 4-1 for compact debug\X-TOUCH  FOR VC13-2\X-TOUCH  FOR VC13\Builds\VisualStudio2010\Debug\GlobalCompactComponent.obj
E:\PC_project\X-TOUCH\X-TOUCH  FOR VC13-1-31\X-TOUCH  FOR 4-1 for compact debug\X-TOUCH  FOR VC13-2\X-TOUCH  FOR VC13\Builds\VisualStudio2010\Debug\GlobalMiniComponent.obj
E:\PC_project\X-TOUCH\X-TOUCH  FOR VC13-1-31\X-TOUCH  FOR 4-1 for compact debug\X-TOUCH  FOR VC13-2\X-TOUCH  FOR VC13\Builds\VisualStudio2010\Debug\juce_core.obj
E:\PC_project\X-TOUCH\X-TOUCH  FOR VC13-1-31\X-TOUCH  FOR 4-1 for compact debug\X-TOUCH  FOR VC13-2\X-TOUCH  FOR VC13\Builds\VisualStudio2010\Debug\juce_data_structures.obj
E:\PC_project\X-TOUCH\X-TOUCH  FOR VC13-1-31\X-TOUCH  FOR 4-1 for compact debug\X-TOUCH  FOR VC13-2\X-TOUCH  FOR VC13\Builds\VisualStudio2010\Debug\juce_events.obj
E:\PC_project\X-TOUCH\X-TOUCH  FOR VC13-1-31\X-TOUCH  FOR 4-1 for compact debug\X-TOUCH  FOR VC13-2\X-TOUCH  FOR VC13\Builds\VisualStudio2010\Debug\juce_graphics.obj
E:\PC_project\X-TOUCH\X-TOUCH  FOR VC13-1-31\X-TOUCH  FOR 4-1 for compact debug\X-TOUCH  FOR VC13-2\X-TOUCH  FOR VC13\Builds\VisualStudio2010\Debug\juce_gui_basics.obj
E:\PC_project\X-TOUCH\X-TOUCH  FOR VC13-1-31\X-TOUCH  FOR 4-1 for compact debug\X-TOUCH  FOR VC13-2\X-TOUCH  FOR VC13\Builds\VisualStudio2010\Debug\link.command.1.tlog
E:\PC_project\X-TOUCH\X-TOUCH  FOR VC13-1-31\X-TOUCH  FOR 4-1 for compact debug\X-TOUCH  FOR VC13-2\X-TOUCH  FOR VC13\Builds\VisualStudio2010\Debug\link.read.1.tlog
E:\PC_project\X-TOUCH\X-TOUCH  FOR VC13-1-31\X-TOUCH  FOR 4-1 for compact debug\X-TOUCH  FOR VC13-2\X-TOUCH  FOR VC13\Builds\VisualStudio2010\Debug\link.write.1.tlog
E:\PC_project\X-TOUCH\X-TOUCH  FOR VC13-1-31\X-TOUCH  FOR 4-1 for compact debug\X-TOUCH  FOR VC13-2\X-TOUCH  FOR VC13\Builds\VisualStudio2010\Debug\link-cvtres.read.1.tlog
E:\PC_project\X-TOUCH\X-TOUCH  FOR VC13-1-31\X-TOUCH  FOR 4-1 for compact debug\X-TOUCH  FOR VC13-2\X-TOUCH  FOR VC13\Builds\VisualStudio2010\Debug\link-cvtres.write.1.tlog
E:\PC_project\X-TOUCH\X-TOUCH  FOR VC13-1-31\X-TOUCH  FOR 4-1 for compact debug\X-TOUCH  FOR VC13-2\X-TOUCH  FOR VC13\Builds\VisualStudio2010\Debug\LookAndFeel_V4.obj
E:\PC_project\X-TOUCH\X-TOUCH  FOR VC13-1-31\X-TOUCH  FOR 4-1 for compact debug\X-TOUCH  FOR VC13-2\X-TOUCH  FOR VC13\Builds\VisualStudio2010\Debug\LookAndFeel_V5.obj
E:\PC_project\X-TOUCH\X-TOUCH  FOR VC13-1-31\X-TOUCH  FOR 4-1 for compact debug\X-TOUCH  FOR VC13-2\X-TOUCH  FOR VC13\Builds\VisualStudio2010\Debug\Main.obj
E:\PC_project\X-TOUCH\X-TOUCH  FOR VC13-1-31\X-TOUCH  FOR 4-1 for compact debug\X-TOUCH  FOR VC13-2\X-TOUCH  FOR VC13\Builds\VisualStudio2010\Debug\MainComponent.obj
E:\PC_project\X-TOUCH\X-TOUCH  FOR VC13-1-31\X-TOUCH  FOR 4-1 for compact debug\X-TOUCH  FOR VC13-2\X-TOUCH  FOR VC13\Builds\VisualStudio2010\Debug\MainComponentMessage.obj
E:\PC_project\X-TOUCH\X-TOUCH  FOR VC13-1-31\X-TOUCH  FOR 4-1 for compact debug\X-TOUCH  FOR VC13-2\X-TOUCH  FOR VC13\Builds\VisualStudio2010\Debug\MainComponentMessageListener.obj
E:\PC_project\X-TOUCH\X-TOUCH  FOR VC13-1-31\X-TOUCH  FOR 4-1 for compact debug\X-TOUCH  FOR VC13-2\X-TOUCH  FOR VC13\Builds\VisualStudio2010\Debug\MidiDeviceProcess.obj
E:\PC_project\X-TOUCH\X-TOUCH  FOR VC13-1-31\X-TOUCH  FOR 4-1 for compact debug\X-TOUCH  FOR VC13-2\X-TOUCH  FOR VC13\Builds\VisualStudio2010\Debug\MMCFuntionsBTComponent.obj
E:\PC_project\X-TOUCH\X-TOUCH  FOR VC13-1-31\X-TOUCH  FOR 4-1 for compact debug\X-TOUCH  FOR VC13-2\X-TOUCH  FOR VC13\Builds\VisualStudio2010\Debug\MMCFuntionsViewComponent.obj
E:\PC_project\X-TOUCH\X-TOUCH  FOR VC13-1-31\X-TOUCH  FOR 4-1 for compact debug\X-TOUCH  FOR VC13-2\X-TOUCH  FOR VC13\Builds\VisualStudio2010\Debug\mt.command.1.tlog
E:\PC_project\X-TOUCH\X-TOUCH  FOR VC13-1-31\X-TOUCH  FOR 4-1 for compact debug\X-TOUCH  FOR VC13-2\X-TOUCH  FOR VC13\Builds\VisualStudio2010\Debug\mt.read.1.tlog
E:\PC_project\X-TOUCH\X-TOUCH  FOR VC13-1-31\X-TOUCH  FOR 4-1 for compact debug\X-TOUCH  FOR VC13-2\X-TOUCH  FOR VC13\Builds\VisualStudio2010\Debug\mt.write.1.tlog
E:\PC_project\X-TOUCH\X-TOUCH  FOR VC13-1-31\X-TOUCH  FOR 4-1 for compact debug\X-TOUCH  FOR VC13-2\X-TOUCH  FOR VC13\Builds\VisualStudio2010\Debug\MusicNoteBTComponent.obj
E:\PC_project\X-TOUCH\X-TOUCH  FOR VC13-1-31\X-TOUCH  FOR 4-1 for compact debug\X-TOUCH  FOR VC13-2\X-TOUCH  FOR VC13\Builds\VisualStudio2010\Debug\MusicNoteViewComponent.obj
E:\PC_project\X-TOUCH\X-TOUCH  FOR VC13-1-31\X-TOUCH  FOR 4-1 for compact debug\X-TOUCH  FOR VC13-2\X-TOUCH  FOR VC13\Builds\VisualStudio2010\Debug\MutilDevWinComponent.obj
E:\PC_project\X-TOUCH\X-TOUCH  FOR VC13-1-31\X-TOUCH  FOR 4-1 for compact debug\X-TOUCH  FOR VC13-2\X-TOUCH  FOR VC13\Builds\VisualStudio2010\Debug\MyTextButton.obj
E:\PC_project\X-TOUCH\X-TOUCH  FOR VC13-1-31\X-TOUCH  FOR 4-1 for compact debug\X-TOUCH  FOR VC13-2\X-TOUCH  FOR VC13\Builds\VisualStudio2010\Debug\PanFanComponent.obj
E:\PC_project\X-TOUCH\X-TOUCH  FOR VC13-1-31\X-TOUCH  FOR 4-1 for compact debug\X-TOUCH  FOR VC13-2\X-TOUCH  FOR VC13\Builds\VisualStudio2010\Debug\rc.command.1.tlog
E:\PC_project\X-TOUCH\X-TOUCH  FOR VC13-1-31\X-TOUCH  FOR 4-1 for compact debug\X-TOUCH  FOR VC13-2\X-TOUCH  FOR VC13\Builds\VisualStudio2010\Debug\rc.read.1.tlog
E:\PC_project\X-TOUCH\X-TOUCH  FOR VC13-1-31\X-TOUCH  FOR 4-1 for compact debug\X-TOUCH  FOR VC13-2\X-TOUCH  FOR VC13\Builds\VisualStudio2010\Debug\rc.write.1.tlog
E:\PC_PROJECT\X-TOUCH\X-TOUCH  FOR VC13-1-31\X-TOUCH  FOR 4-1 FOR COMPACT DEBUG\X-TOUCH  FOR VC13-2\X-TOUCH  FOR VC13\BUILDS\VISUALSTUDIO2010\DEBUG\RESOURCES.RES
E:\PC_project\X-TOUCH\X-TOUCH  FOR VC13-1-31\X-TOUCH  FOR 4-1 for compact debug\X-TOUCH  FOR VC13-2\X-TOUCH  FOR VC13\Builds\VisualStudio2010\Debug\SixthChannelComponent.obj
E:\PC_project\X-TOUCH\X-TOUCH  FOR VC13-1-31\X-TOUCH  FOR 4-1 for compact debug\X-TOUCH  FOR VC13-2\X-TOUCH  FOR VC13\Builds\VisualStudio2010\Debug\Twochoose_Component.obj
E:\PC_project\X-TOUCH\X-TOUCH  FOR VC13-1-31\X-TOUCH  FOR 4-1 for compact debug\X-TOUCH  FOR VC13-2\X-TOUCH  FOR VC13\Builds\VisualStudio2010\Debug\vc100.idb
E:\PC_PROJECT\X-TOUCH\X-TOUCH  FOR VC13-1-31\X-TOUCH  FOR 4-1 FOR COMPACT DEBUG\X-TOUCH  FOR VC13-2\X-TOUCH  FOR VC13\BUILDS\VISUALSTUDIO2010\DEBUG\VC100.PDB
E:\PC_project\X-TOUCH\X-TOUCH  FOR VC13-1-31\X-TOUCH  FOR 4-1 for compact debug\X-TOUCH  FOR VC13-2\X-TOUCH  FOR VC13\Builds\VisualStudio2010\Debug\ViewChannelComponent.obj
E:\PC_project\X-TOUCH\X-TOUCH  FOR VC13-1-31\X-TOUCH  FOR 4-1 for compact debug\X-TOUCH  FOR VC13-2\X-TOUCH  FOR VC13\Builds\VisualStudio2010\Debug\ViewPortComponent.obj
E:\PC_PROJECT\X-TOUCH\X-TOUCH  FOR VC13-1-31\X-TOUCH  FOR 4-1 FOR COMPACT DEBUG\X-TOUCH  FOR VC13-2\X-TOUCH  FOR VC13\BUILDS\VISUALSTUDIO2010\DEBUG\X-TOUCH.EXE
E:\PC_PROJECT\X-TOUCH\X-TOUCH  FOR VC13-1-31\X-TOUCH  FOR 4-1 FOR COMPACT DEBUG\X-TOUCH  FOR VC13-2\X-TOUCH  FOR VC13\BUILDS\VISUALSTUDIO2010\DEBUG\X-TOUCH.EXE.INTERMEDIATE.MANIFEST
E:\PC_PROJECT\X-TOUCH\X-TOUCH  FOR VC13-1-31\X-TOUCH  FOR 4-1 FOR COMPACT DEBUG\X-TOUCH  FOR VC13-2\X-TOUCH  FOR VC13\BUILDS\VISUALSTUDIO2010\DEBUG\X-TOUCH.ILK
E:\PC_PROJECT\X-TOUCH\X-TOUCH  FOR VC13-1-31\X-TOUCH  FOR 4-1 FOR COMPACT DEBUG\X-TOUCH  FOR VC13-2\X-TOUCH  FOR VC13\BUILDS\VISUALSTUDIO2010\DEBUG\X-TOUCH.PDB
E:\PC_project\X-TOUCH\X-TOUCH  FOR VC13-1-31\X-TOUCH  FOR 4-1 for compact debug\X-TOUCH  FOR VC13-2\X-TOUCH  FOR VC13\Builds\VisualStudio2010\Debug\X-TOUCH.write.1.tlog
E:\PC_project\X-TOUCH\X-TOUCH  FOR VC13-1-31\X-TOUCH  FOR 4-1 for compact debug\X-TOUCH  FOR VC13-2\X-TOUCH  FOR VC13\Builds\VisualStudio2010\Debug\XtouchDevMidiData.obj
